[0.402s] DEBUG:colcon:Command line arguments: ['/home/flying/miniconda3/envs/ros2/bin/colcon', 'build']
[0.402s] DEBUG:colcon:Parsed command line arguments: Namespace(log_base=None, log_level=None, verb_name='build', build_base='build', install_base='install', merge_install=False, symlink_install=False, test_result_base=None, continue_on_error=False, executor='parallel', parallel_workers=6, event_handlers=None, ignore_user_meta=False, metas=['./colcon.meta'], base_paths=['.'], packages_ignore=None, packages_ignore_regex=None, paths=None, packages_up_to=None, packages_up_to_regex=None, packages_above=None, packages_above_and_dependencies=None, packages_above_depth=None, packages_select_by_dep=None, packages_skip_by_dep=None, packages_skip_up_to=None, packages_select_build_failed=False, packages_skip_build_finished=False, packages_select_test_failures=False, packages_skip_test_passed=False, packages_select=None, packages_skip=None, packages_select_regex=None, packages_skip_regex=None, packages_start=None, packages_end=None, cmake_args=None, cmake_target=None, cmake_target_skip_unavailable=False, cmake_clean_cache=False, cmake_clean_first=False, cmake_force_configure=False, ament_cmake_args=None, catkin_cmake_args=None, catkin_skip_building_tests=False, verb_parser=<colcon_defaults.argument_parser.defaults.DefaultArgumentsDecorator object at 0x7ec4cb0f86a0>, verb_extension=<colcon_core.verb.build.BuildVerb object at 0x7ec4cb245330>, main=<bound method BuildVerb.main of <colcon_core.verb.build.BuildVerb object at 0x7ec4cb245330>>)
[0.748s] Level 1:colcon.colcon_core.package_discovery:discover_packages(colcon_meta) check parameters
[0.748s] Level 1:colcon.colcon_core.package_discovery:discover_packages(recursive) check parameters
[0.748s] Level 1:colcon.colcon_core.package_discovery:discover_packages(ignore) check parameters
[0.748s] Level 1:colcon.colcon_core.package_discovery:discover_packages(path) check parameters
[0.748s] Level 1:colcon.colcon_core.package_discovery:discover_packages(colcon_meta) discover
[0.748s] Level 1:colcon.colcon_core.package_discovery:discover_packages(recursive) discover
[0.748s] INFO:colcon.colcon_core.package_discovery:Crawling recursively for packages in '/home/flying/Documents/flying_squirrel_ros'
[0.748s] Level 1:colcon.colcon_core.package_identification:_identify(.) by extensions ['ignore', 'ignore_ament_install']
[0.748s] Level 1:colcon.colcon_core.package_identification:_identify(.) by extension 'ignore'
[0.748s] Level 1:colcon.colcon_core.package_identification:_identify(.) by extension 'ignore_ament_install'
[0.748s] Level 1:colcon.colcon_core.package_identification:_identify(.) by extensions ['colcon_pkg']
[0.748s] Level 1:colcon.colcon_core.package_identification:_identify(.) by extension 'colcon_pkg'
[0.748s] Level 1:colcon.colcon_core.package_identification:_identify(.) by extensions ['colcon_meta']
[0.749s] Level 1:colcon.colcon_core.package_identification:_identify(.) by extension 'colcon_meta'
[0.749s] Level 1:colcon.colcon_core.package_identification:_identify(.) by extensions ['ros']
[0.749s] Level 1:colcon.colcon_core.package_identification:_identify(.) by extension 'ros'
[0.785s] Level 1:colcon.colcon_core.package_identification:_identify(.) by extensions ['cmake', 'python']
[0.785s] Level 1:colcon.colcon_core.package_identification:_identify(.) by extension 'cmake'
[0.786s] Level 1:colcon.colcon_core.package_identification:_identify(.) by extension 'python'
[0.786s] Level 1:colcon.colcon_core.package_identification:_identify(.) by extensions ['python_setup_py']
[0.786s] Level 1:colcon.colcon_core.package_identification:_identify(.) by extension 'python_setup_py'
[0.786s] Level 1:colcon.colcon_core.package_identification:_identify(build) by extensions ['ignore', 'ignore_ament_install']
[0.786s] Level 1:colcon.colcon_core.package_identification:_identify(build) by extension 'ignore'
[0.786s] Level 1:colcon.colcon_core.package_identification:_identify(build) ignored
[0.786s] Level 1:colcon.colcon_core.package_identification:_identify(install) by extensions ['ignore', 'ignore_ament_install']
[0.786s] Level 1:colcon.colcon_core.package_identification:_identify(install) by extension 'ignore'
[0.786s] Level 1:colcon.colcon_core.package_identification:_identify(install) ignored
[0.786s] Level 1:colcon.colcon_core.package_identification:_identify(log) by extensions ['ignore', 'ignore_ament_install']
[0.786s] Level 1:colcon.colcon_core.package_identification:_identify(log) by extension 'ignore'
[0.786s] Level 1:colcon.colcon_core.package_identification:_identify(log) ignored
[0.786s] Level 1:colcon.colcon_core.package_identification:_identify(src) by extensions ['ignore', 'ignore_ament_install']
[0.786s] Level 1:colcon.colcon_core.package_identification:_identify(src) by extension 'ignore'
[0.786s] Level 1:colcon.colcon_core.package_identification:_identify(src) by extension 'ignore_ament_install'
[0.787s] Level 1:colcon.colcon_core.package_identification:_identify(src) by extensions ['colcon_pkg']
[0.787s] Level 1:colcon.colcon_core.package_identification:_identify(src) by extension 'colcon_pkg'
[0.787s] Level 1:colcon.colcon_core.package_identification:_identify(src) by extensions ['colcon_meta']
[0.787s] Level 1:colcon.colcon_core.package_identification:_identify(src) by extension 'colcon_meta'
[0.787s] Level 1:colcon.colcon_core.package_identification:_identify(src) by extensions ['ros']
[0.787s] Level 1:colcon.colcon_core.package_identification:_identify(src) by extension 'ros'
[0.787s] Level 1:colcon.colcon_core.package_identification:_identify(src) by extensions ['cmake', 'python']
[0.787s] Level 1:colcon.colcon_core.package_identification:_identify(src) by extension 'cmake'
[0.787s] Level 1:colcon.colcon_core.package_identification:_identify(src) by extension 'python'
[0.787s] Level 1:colcon.colcon_core.package_identification:_identify(src) by extensions ['python_setup_py']
[0.787s] Level 1:colcon.colcon_core.package_identification:_identify(src) by extension 'python_setup_py'
[0.787s] Level 1:colcon.colcon_core.package_identification:_identify(src/flying_robot_control) by extensions ['ignore', 'ignore_ament_install']
[0.787s] Level 1:colcon.colcon_core.package_identification:_identify(src/flying_robot_control) by extension 'ignore'
[0.787s] Level 1:colcon.colcon_core.package_identification:_identify(src/flying_robot_control) by extension 'ignore_ament_install'
[0.787s] Level 1:colcon.colcon_core.package_identification:_identify(src/flying_robot_control) by extensions ['colcon_pkg']
[0.787s] Level 1:colcon.colcon_core.package_identification:_identify(src/flying_robot_control) by extension 'colcon_pkg'
[0.788s] Level 1:colcon.colcon_core.package_identification:_identify(src/flying_robot_control) by extensions ['colcon_meta']
[0.788s] Level 1:colcon.colcon_core.package_identification:_identify(src/flying_robot_control) by extension 'colcon_meta'
[0.788s] Level 1:colcon.colcon_core.package_identification:_identify(src/flying_robot_control) by extensions ['ros']
[0.788s] Level 1:colcon.colcon_core.package_identification:_identify(src/flying_robot_control) by extension 'ros'
[0.794s] DEBUG:colcon.colcon_core.package_identification:Package 'src/flying_robot_control' with type 'ros.ament_python' and name 'flying_robot_control'
[0.794s] Level 1:colcon.colcon_core.package_identification:_identify(src/flying_robot_interfaces) by extensions ['ignore', 'ignore_ament_install']
[0.794s] Level 1:colcon.colcon_core.package_identification:_identify(src/flying_robot_interfaces) by extension 'ignore'
[0.794s] Level 1:colcon.colcon_core.package_identification:_identify(src/flying_robot_interfaces) by extension 'ignore_ament_install'
[0.794s] Level 1:colcon.colcon_core.package_identification:_identify(src/flying_robot_interfaces) by extensions ['colcon_pkg']
[0.794s] Level 1:colcon.colcon_core.package_identification:_identify(src/flying_robot_interfaces) by extension 'colcon_pkg'
[0.794s] Level 1:colcon.colcon_core.package_identification:_identify(src/flying_robot_interfaces) by extensions ['colcon_meta']
[0.794s] Level 1:colcon.colcon_core.package_identification:_identify(src/flying_robot_interfaces) by extension 'colcon_meta'
[0.794s] Level 1:colcon.colcon_core.package_identification:_identify(src/flying_robot_interfaces) by extensions ['ros']
[0.794s] Level 1:colcon.colcon_core.package_identification:_identify(src/flying_robot_interfaces) by extension 'ros'
[0.795s] DEBUG:colcon.colcon_core.package_identification:Package 'src/flying_robot_interfaces' with type 'ros.ament_cmake' and name 'flying_robot_interfaces'
[0.795s] Level 1:colcon.colcon_core.package_identification:_identify(src/imu_complementary_filter) by extensions ['ignore', 'ignore_ament_install']
[0.795s] Level 1:colcon.colcon_core.package_identification:_identify(src/imu_complementary_filter) by extension 'ignore'
[0.795s] Level 1:colcon.colcon_core.package_identification:_identify(src/imu_complementary_filter) by extension 'ignore_ament_install'
[0.795s] Level 1:colcon.colcon_core.package_identification:_identify(src/imu_complementary_filter) by extensions ['colcon_pkg']
[0.795s] Level 1:colcon.colcon_core.package_identification:_identify(src/imu_complementary_filter) by extension 'colcon_pkg'
[0.795s] Level 1:colcon.colcon_core.package_identification:_identify(src/imu_complementary_filter) by extensions ['colcon_meta']
[0.795s] Level 1:colcon.colcon_core.package_identification:_identify(src/imu_complementary_filter) by extension 'colcon_meta'
[0.795s] Level 1:colcon.colcon_core.package_identification:_identify(src/imu_complementary_filter) by extensions ['ros']
[0.795s] Level 1:colcon.colcon_core.package_identification:_identify(src/imu_complementary_filter) by extension 'ros'
[0.796s] DEBUG:colcon.colcon_core.package_identification:Package 'src/imu_complementary_filter' with type 'ros.ament_cmake' and name 'imu_complementary_filter'
[0.796s] Level 1:colcon.colcon_core.package_identification:_identify(src/my_test) by extensions ['ignore', 'ignore_ament_install']
[0.796s] Level 1:colcon.colcon_core.package_identification:_identify(src/my_test) by extension 'ignore'
[0.796s] Level 1:colcon.colcon_core.package_identification:_identify(src/my_test) by extension 'ignore_ament_install'
[0.796s] Level 1:colcon.colcon_core.package_identification:_identify(src/my_test) by extensions ['colcon_pkg']
[0.796s] Level 1:colcon.colcon_core.package_identification:_identify(src/my_test) by extension 'colcon_pkg'
[0.796s] Level 1:colcon.colcon_core.package_identification:_identify(src/my_test) by extensions ['colcon_meta']
[0.796s] Level 1:colcon.colcon_core.package_identification:_identify(src/my_test) by extension 'colcon_meta'
[0.796s] Level 1:colcon.colcon_core.package_identification:_identify(src/my_test) by extensions ['ros']
[0.796s] Level 1:colcon.colcon_core.package_identification:_identify(src/my_test) by extension 'ros'
[0.797s] DEBUG:colcon.colcon_core.package_identification:Package 'src/my_test' with type 'ros.ament_python' and name 'my_test'
[0.797s] Level 1:colcon.colcon_core.package_discovery:discover_packages(recursive) using defaults
[0.797s] Level 1:colcon.colcon_core.package_discovery:discover_packages(ignore) discover
[0.797s] Level 1:colcon.colcon_core.package_discovery:discover_packages(ignore) using defaults
[0.797s] Level 1:colcon.colcon_core.package_discovery:discover_packages(path) discover
[0.797s] Level 1:colcon.colcon_core.package_discovery:discover_packages(path) using defaults
[0.840s] Level 5:colcon.colcon_core.verb:set package 'flying_robot_control' build argument 'cmake_args' from command line to 'None'
[0.840s] Level 5:colcon.colcon_core.verb:set package 'flying_robot_control' build argument 'cmake_target' from command line to 'None'
[0.840s] Level 5:colcon.colcon_core.verb:set package 'flying_robot_control' build argument 'cmake_target_skip_unavailable' from command line to 'False'
[0.840s] Level 5:colcon.colcon_core.verb:set package 'flying_robot_control' build argument 'cmake_clean_cache' from command line to 'False'
[0.840s] Level 5:colcon.colcon_core.verb:set package 'flying_robot_control' build argument 'cmake_clean_first' from command line to 'False'
[0.840s] Level 5:colcon.colcon_core.verb:set package 'flying_robot_control' build argument 'cmake_force_configure' from command line to 'False'
[0.840s] Level 5:colcon.colcon_core.verb:set package 'flying_robot_control' build argument 'ament_cmake_args' from command line to 'None'
[0.840s] Level 5:colcon.colcon_core.verb:set package 'flying_robot_control' build argument 'catkin_cmake_args' from command line to 'None'
[0.840s] Level 5:colcon.colcon_core.verb:set package 'flying_robot_control' build argument 'catkin_skip_building_tests' from command line to 'False'
[0.840s] DEBUG:colcon.colcon_core.verb:Building package 'flying_robot_control' with the following arguments: {'ament_cmake_args': None, 'build_base': '/home/flying/Documents/flying_squirrel_ros/build/flying_robot_control', 'catkin_cmake_args': None, 'catkin_skip_building_tests': False, 'cmake_args': None, 'cmake_clean_cache': False, 'cmake_clean_first': False, 'cmake_force_configure': False, 'cmake_target': None, 'cmake_target_skip_unavailable': False, 'install_base': '/home/flying/Documents/flying_squirrel_ros/install/flying_robot_control', 'merge_install': False, 'path': '/home/flying/Documents/flying_squirrel_ros/src/flying_robot_control', 'symlink_install': False, 'test_result_base': None}
[0.840s] Level 5:colcon.colcon_core.verb:set package 'flying_robot_interfaces' build argument 'cmake_args' from command line to 'None'
[0.840s] Level 5:colcon.colcon_core.verb:set package 'flying_robot_interfaces' build argument 'cmake_target' from command line to 'None'
[0.841s] Level 5:colcon.colcon_core.verb:set package 'flying_robot_interfaces' build argument 'cmake_target_skip_unavailable' from command line to 'False'
[0.841s] Level 5:colcon.colcon_core.verb:set package 'flying_robot_interfaces' build argument 'cmake_clean_cache' from command line to 'False'
[0.841s] Level 5:colcon.colcon_core.verb:set package 'flying_robot_interfaces' build argument 'cmake_clean_first' from command line to 'False'
[0.841s] Level 5:colcon.colcon_core.verb:set package 'flying_robot_interfaces' build argument 'cmake_force_configure' from command line to 'False'
[0.841s] Level 5:colcon.colcon_core.verb:set package 'flying_robot_interfaces' build argument 'ament_cmake_args' from command line to 'None'
[0.841s] Level 5:colcon.colcon_core.verb:set package 'flying_robot_interfaces' build argument 'catkin_cmake_args' from command line to 'None'
[0.841s] Level 5:colcon.colcon_core.verb:set package 'flying_robot_interfaces' build argument 'catkin_skip_building_tests' from command line to 'False'
[0.841s] DEBUG:colcon.colcon_core.verb:Building package 'flying_robot_interfaces' with the following arguments: {'ament_cmake_args': None, 'build_base': '/home/flying/Documents/flying_squirrel_ros/build/flying_robot_interfaces', 'catkin_cmake_args': None, 'catkin_skip_building_tests': False, 'cmake_args': None, 'cmake_clean_cache': False, 'cmake_clean_first': False, 'cmake_force_configure': False, 'cmake_target': None, 'cmake_target_skip_unavailable': False, 'install_base': '/home/flying/Documents/flying_squirrel_ros/install/flying_robot_interfaces', 'merge_install': False, 'path': '/home/flying/Documents/flying_squirrel_ros/src/flying_robot_interfaces', 'symlink_install': False, 'test_result_base': None}
[0.841s] Level 5:colcon.colcon_core.verb:set package 'imu_complementary_filter' build argument 'cmake_args' from command line to 'None'
[0.841s] Level 5:colcon.colcon_core.verb:set package 'imu_complementary_filter' build argument 'cmake_target' from command line to 'None'
[0.841s] Level 5:colcon.colcon_core.verb:set package 'imu_complementary_filter' build argument 'cmake_target_skip_unavailable' from command line to 'False'
[0.841s] Level 5:colcon.colcon_core.verb:set package 'imu_complementary_filter' build argument 'cmake_clean_cache' from command line to 'False'
[0.841s] Level 5:colcon.colcon_core.verb:set package 'imu_complementary_filter' build argument 'cmake_clean_first' from command line to 'False'
[0.841s] Level 5:colcon.colcon_core.verb:set package 'imu_complementary_filter' build argument 'cmake_force_configure' from command line to 'False'
[0.841s] Level 5:colcon.colcon_core.verb:set package 'imu_complementary_filter' build argument 'ament_cmake_args' from command line to 'None'
[0.841s] Level 5:colcon.colcon_core.verb:set package 'imu_complementary_filter' build argument 'catkin_cmake_args' from command line to 'None'
[0.841s] Level 5:colcon.colcon_core.verb:set package 'imu_complementary_filter' build argument 'catkin_skip_building_tests' from command line to 'False'
[0.841s] DEBUG:colcon.colcon_core.verb:Building package 'imu_complementary_filter' with the following arguments: {'ament_cmake_args': None, 'build_base': '/home/flying/Documents/flying_squirrel_ros/build/imu_complementary_filter', 'catkin_cmake_args': None, 'catkin_skip_building_tests': False, 'cmake_args': None, 'cmake_clean_cache': False, 'cmake_clean_first': False, 'cmake_force_configure': False, 'cmake_target': None, 'cmake_target_skip_unavailable': False, 'install_base': '/home/flying/Documents/flying_squirrel_ros/install/imu_complementary_filter', 'merge_install': False, 'path': '/home/flying/Documents/flying_squirrel_ros/src/imu_complementary_filter', 'symlink_install': False, 'test_result_base': None}
[0.842s] Level 5:colcon.colcon_core.verb:set package 'my_test' build argument 'cmake_args' from command line to 'None'
[0.842s] Level 5:colcon.colcon_core.verb:set package 'my_test' build argument 'cmake_target' from command line to 'None'
[0.842s] Level 5:colcon.colcon_core.verb:set package 'my_test' build argument 'cmake_target_skip_unavailable' from command line to 'False'
[0.842s] Level 5:colcon.colcon_core.verb:set package 'my_test' build argument 'cmake_clean_cache' from command line to 'False'
[0.842s] Level 5:colcon.colcon_core.verb:set package 'my_test' build argument 'cmake_clean_first' from command line to 'False'
[0.842s] Level 5:colcon.colcon_core.verb:set package 'my_test' build argument 'cmake_force_configure' from command line to 'False'
[0.842s] Level 5:colcon.colcon_core.verb:set package 'my_test' build argument 'ament_cmake_args' from command line to 'None'
[0.842s] Level 5:colcon.colcon_core.verb:set package 'my_test' build argument 'catkin_cmake_args' from command line to 'None'
[0.842s] Level 5:colcon.colcon_core.verb:set package 'my_test' build argument 'catkin_skip_building_tests' from command line to 'False'
[0.842s] DEBUG:colcon.colcon_core.verb:Building package 'my_test' with the following arguments: {'ament_cmake_args': None, 'build_base': '/home/flying/Documents/flying_squirrel_ros/build/my_test', 'catkin_cmake_args': None, 'catkin_skip_building_tests': False, 'cmake_args': None, 'cmake_clean_cache': False, 'cmake_clean_first': False, 'cmake_force_configure': False, 'cmake_target': None, 'cmake_target_skip_unavailable': False, 'install_base': '/home/flying/Documents/flying_squirrel_ros/install/my_test', 'merge_install': False, 'path': '/home/flying/Documents/flying_squirrel_ros/src/my_test', 'symlink_install': False, 'test_result_base': None}
[0.842s] INFO:colcon.colcon_core.executor:Executing jobs using 'parallel' executor
[0.843s] DEBUG:colcon.colcon_parallel_executor.executor.parallel:run_until_complete
[0.843s] INFO:colcon.colcon_ros.task.ament_python.build:Building ROS package in '/home/flying/Documents/flying_squirrel_ros/src/flying_robot_control' with build type 'ament_python'
[0.843s] Level 1:colcon.colcon_core.shell:create_environment_hook('flying_robot_control', 'ament_prefix_path')
[0.857s] INFO:colcon.colcon_core.plugin_system:Skipping extension 'colcon_core.shell.bat': Not used on non-Windows systems
[0.857s] INFO:colcon.colcon_core.shell:Creating environment hook '/home/flying/Documents/flying_squirrel_ros/install/flying_robot_control/share/flying_robot_control/hook/ament_prefix_path.ps1'
[0.858s] INFO:colcon.colcon_core.shell:Creating environment descriptor '/home/flying/Documents/flying_squirrel_ros/install/flying_robot_control/share/flying_robot_control/hook/ament_prefix_path.dsv'
[0.859s] INFO:colcon.colcon_core.shell:Creating environment hook '/home/flying/Documents/flying_squirrel_ros/install/flying_robot_control/share/flying_robot_control/hook/ament_prefix_path.sh'
[0.860s] INFO:colcon.colcon_core.shell:Skip shell extension 'powershell' for command environment: Not usable outside of PowerShell
[0.860s] DEBUG:colcon.colcon_core.shell:Skip shell extension 'dsv' for command environment
[0.871s] INFO:colcon.colcon_ros.task.ament_cmake.build:Building ROS package in '/home/flying/Documents/flying_squirrel_ros/src/flying_robot_interfaces' with build type 'ament_cmake'
[0.871s] INFO:colcon.colcon_cmake.task.cmake.build:Building CMake package in '/home/flying/Documents/flying_squirrel_ros/src/flying_robot_interfaces'
[0.871s] INFO:colcon.colcon_core.shell:Skip shell extension 'powershell' for command environment: Not usable outside of PowerShell
[0.871s] DEBUG:colcon.colcon_core.shell:Skip shell extension 'dsv' for command environment
[0.874s] INFO:colcon.colcon_ros.task.ament_cmake.build:Building ROS package in '/home/flying/Documents/flying_squirrel_ros/src/imu_complementary_filter' with build type 'ament_cmake'
[0.874s] INFO:colcon.colcon_cmake.task.cmake.build:Building CMake package in '/home/flying/Documents/flying_squirrel_ros/src/imu_complementary_filter'
[0.874s] INFO:colcon.colcon_core.shell:Skip shell extension 'powershell' for command environment: Not usable outside of PowerShell
[0.874s] DEBUG:colcon.colcon_core.shell:Skip shell extension 'dsv' for command environment
[0.877s] INFO:colcon.colcon_ros.task.ament_python.build:Building ROS package in '/home/flying/Documents/flying_squirrel_ros/src/my_test' with build type 'ament_python'
[0.878s] Level 1:colcon.colcon_core.shell:create_environment_hook('my_test', 'ament_prefix_path')
[0.878s] INFO:colcon.colcon_core.shell:Creating environment hook '/home/flying/Documents/flying_squirrel_ros/install/my_test/share/my_test/hook/ament_prefix_path.ps1'
[0.879s] INFO:colcon.colcon_core.shell:Creating environment descriptor '/home/flying/Documents/flying_squirrel_ros/install/my_test/share/my_test/hook/ament_prefix_path.dsv'
[0.880s] INFO:colcon.colcon_core.shell:Creating environment hook '/home/flying/Documents/flying_squirrel_ros/install/my_test/share/my_test/hook/ament_prefix_path.sh'
[0.880s] INFO:colcon.colcon_core.shell:Skip shell extension 'powershell' for command environment: Not usable outside of PowerShell
[0.880s] DEBUG:colcon.colcon_core.shell:Skip shell extension 'dsv' for command environment
[1.103s] INFO:colcon.colcon_core.task.python.build:Building Python package in '/home/flying/Documents/flying_squirrel_ros/src/flying_robot_control'
[1.103s] INFO:colcon.colcon_core.shell:Skip shell extension 'powershell' for command environment: Not usable outside of PowerShell
[1.103s] DEBUG:colcon.colcon_core.shell:Skip shell extension 'dsv' for command environment
[1.108s] DEBUG:colcon.colcon_core.event_handler.log_command:Invoking command in '/home/flying/Documents/flying_squirrel_ros/build/flying_robot_interfaces': CMAKE_PREFIX_PATH=/opt/ros/humble CONDA_PROMPT_MODIFIER=(ros2) /usr/bin/cmake /home/flying/Documents/flying_squirrel_ros/src/flying_robot_interfaces -DCMAKE_INSTALL_PREFIX=/home/flying/Documents/flying_squirrel_ros/install/flying_robot_interfaces
[1.114s] DEBUG:colcon.colcon_core.event_handler.log_command:Invoking command in '/home/flying/Documents/flying_squirrel_ros/build/imu_complementary_filter': CMAKE_PREFIX_PATH=/opt/ros/humble CONDA_PROMPT_MODIFIER=(ros2) /usr/bin/cmake /home/flying/Documents/flying_squirrel_ros/src/imu_complementary_filter -DCMAKE_INSTALL_PREFIX=/home/flying/Documents/flying_squirrel_ros/install/imu_complementary_filter
[1.323s] INFO:colcon.colcon_core.task.python.build:Building Python package in '/home/flying/Documents/flying_squirrel_ros/src/my_test'
[1.323s] INFO:colcon.colcon_core.shell:Skip shell extension 'powershell' for command environment: Not usable outside of PowerShell
[1.323s] DEBUG:colcon.colcon_core.shell:Skip shell extension 'dsv' for command environment
[1.876s] DEBUG:colcon.colcon_core.event_handler.log_command:Invoking command in '/home/flying/Documents/flying_squirrel_ros/src/flying_robot_control': CONDA_PROMPT_MODIFIER=(ros2) PYTHONPATH=/home/flying/Documents/flying_squirrel_ros/build/flying_robot_control/prefix_override:/home/flying/miniconda3/envs/ros2/lib/python3.10/site-packages/colcon_core/task/python/colcon_distutils_commands:/home/flying/Documents/flying_squirrel_ros/install/flying_robot_control/lib/python3.10/site-packages:${PYTHONPATH} /home/flying/miniconda3/envs/ros2/bin/python -W ignore:setup.py install is deprecated setup.py egg_info --egg-base ../../build/flying_robot_control build --build-base /home/flying/Documents/flying_squirrel_ros/build/flying_robot_control/build install --record /home/flying/Documents/flying_squirrel_ros/build/flying_robot_control/install.log --single-version-externally-managed install_data
[1.905s] DEBUG:colcon.colcon_core.event_handler.log_command:Invoking command in '/home/flying/Documents/flying_squirrel_ros/src/my_test': CONDA_PROMPT_MODIFIER=(ros2) PYTHONPATH=/home/flying/Documents/flying_squirrel_ros/build/my_test/prefix_override:/home/flying/miniconda3/envs/ros2/lib/python3.10/site-packages/colcon_core/task/python/colcon_distutils_commands:/home/flying/Documents/flying_squirrel_ros/install/my_test/lib/python3.10/site-packages:${PYTHONPATH} /home/flying/miniconda3/envs/ros2/bin/python -W ignore:setup.py install is deprecated setup.py egg_info --egg-base ../../build/my_test build --build-base /home/flying/Documents/flying_squirrel_ros/build/my_test/build install --record /home/flying/Documents/flying_squirrel_ros/build/my_test/install.log --single-version-externally-managed install_data
[2.230s] DEBUG:colcon.colcon_core.event_handler.log_command:Invoked command in '/home/flying/Documents/flying_squirrel_ros/src/flying_robot_control' returned '0': CONDA_PROMPT_MODIFIER=(ros2) PYTHONPATH=/home/flying/Documents/flying_squirrel_ros/build/flying_robot_control/prefix_override:/home/flying/miniconda3/envs/ros2/lib/python3.10/site-packages/colcon_core/task/python/colcon_distutils_commands:/home/flying/Documents/flying_squirrel_ros/install/flying_robot_control/lib/python3.10/site-packages:${PYTHONPATH} /home/flying/miniconda3/envs/ros2/bin/python -W ignore:setup.py install is deprecated setup.py egg_info --egg-base ../../build/flying_robot_control build --build-base /home/flying/Documents/flying_squirrel_ros/build/flying_robot_control/build install --record /home/flying/Documents/flying_squirrel_ros/build/flying_robot_control/install.log --single-version-externally-managed install_data
[2.240s] Level 1:colcon.colcon_core.environment:checking '/home/flying/Documents/flying_squirrel_ros/install/flying_robot_control' for CMake module files
[2.240s] Level 1:colcon.colcon_core.environment:checking '/home/flying/Documents/flying_squirrel_ros/install/flying_robot_control' for CMake config files
[2.241s] Level 1:colcon.colcon_core.environment:checking '/home/flying/Documents/flying_squirrel_ros/install/flying_robot_control/lib'
[2.241s] Level 1:colcon.colcon_core.environment:checking '/home/flying/Documents/flying_squirrel_ros/install/flying_robot_control/bin'
[2.241s] Level 1:colcon.colcon_core.environment:checking '/home/flying/Documents/flying_squirrel_ros/install/flying_robot_control/lib/pkgconfig/flying_robot_control.pc'
[2.242s] Level 1:colcon.colcon_core.environment:checking '/home/flying/Documents/flying_squirrel_ros/install/flying_robot_control/lib/python3.10/site-packages'
[2.242s] Level 1:colcon.colcon_core.shell:create_environment_hook('flying_robot_control', 'pythonpath')
[2.242s] INFO:colcon.colcon_core.shell:Creating environment hook '/home/flying/Documents/flying_squirrel_ros/install/flying_robot_control/share/flying_robot_control/hook/pythonpath.ps1'
[2.242s] INFO:colcon.colcon_core.shell:Creating environment descriptor '/home/flying/Documents/flying_squirrel_ros/install/flying_robot_control/share/flying_robot_control/hook/pythonpath.dsv'
[2.243s] INFO:colcon.colcon_core.shell:Creating environment hook '/home/flying/Documents/flying_squirrel_ros/install/flying_robot_control/share/flying_robot_control/hook/pythonpath.sh'
[2.243s] Level 1:colcon.colcon_core.environment:checking '/home/flying/Documents/flying_squirrel_ros/install/flying_robot_control/bin'
[2.243s] Level 1:colcon.colcon_core.environment:create_environment_scripts_only(flying_robot_control)
[2.244s] INFO:colcon.colcon_core.shell:Creating package script '/home/flying/Documents/flying_squirrel_ros/install/flying_robot_control/share/flying_robot_control/package.ps1'
[2.245s] INFO:colcon.colcon_core.shell:Creating package descriptor '/home/flying/Documents/flying_squirrel_ros/install/flying_robot_control/share/flying_robot_control/package.dsv'
[2.246s] INFO:colcon.colcon_core.shell:Creating package script '/home/flying/Documents/flying_squirrel_ros/install/flying_robot_control/share/flying_robot_control/package.sh'
[2.246s] INFO:colcon.colcon_core.shell:Creating package script '/home/flying/Documents/flying_squirrel_ros/install/flying_robot_control/share/flying_robot_control/package.bash'
[2.247s] INFO:colcon.colcon_core.shell:Creating package script '/home/flying/Documents/flying_squirrel_ros/install/flying_robot_control/share/flying_robot_control/package.zsh'
[2.248s] Level 1:colcon.colcon_core.environment:create_file_with_runtime_dependencies(/home/flying/Documents/flying_squirrel_ros/install/flying_robot_control/share/colcon-core/packages/flying_robot_control)
[2.254s] Level 1:colcon.colcon_core.environment:checking '/home/flying/Documents/flying_squirrel_ros/install/my_test' for CMake module files
[2.255s] DEBUG:colcon.colcon_core.event_handler.log_command:Invoked command in '/home/flying/Documents/flying_squirrel_ros/src/my_test' returned '0': CONDA_PROMPT_MODIFIER=(ros2) PYTHONPATH=/home/flying/Documents/flying_squirrel_ros/build/my_test/prefix_override:/home/flying/miniconda3/envs/ros2/lib/python3.10/site-packages/colcon_core/task/python/colcon_distutils_commands:/home/flying/Documents/flying_squirrel_ros/install/my_test/lib/python3.10/site-packages:${PYTHONPATH} /home/flying/miniconda3/envs/ros2/bin/python -W ignore:setup.py install is deprecated setup.py egg_info --egg-base ../../build/my_test build --build-base /home/flying/Documents/flying_squirrel_ros/build/my_test/build install --record /home/flying/Documents/flying_squirrel_ros/build/my_test/install.log --single-version-externally-managed install_data
[2.255s] Level 1:colcon.colcon_core.environment:checking '/home/flying/Documents/flying_squirrel_ros/install/my_test' for CMake config files
[2.256s] Level 1:colcon.colcon_core.environment:checking '/home/flying/Documents/flying_squirrel_ros/install/my_test/lib'
[2.256s] Level 1:colcon.colcon_core.environment:checking '/home/flying/Documents/flying_squirrel_ros/install/my_test/bin'
[2.256s] Level 1:colcon.colcon_core.environment:checking '/home/flying/Documents/flying_squirrel_ros/install/my_test/lib/pkgconfig/my_test.pc'
[2.256s] Level 1:colcon.colcon_core.environment:checking '/home/flying/Documents/flying_squirrel_ros/install/my_test/lib/python3.10/site-packages'
[2.256s] Level 1:colcon.colcon_core.shell:create_environment_hook('my_test', 'pythonpath')
[2.257s] INFO:colcon.colcon_core.shell:Creating environment hook '/home/flying/Documents/flying_squirrel_ros/install/my_test/share/my_test/hook/pythonpath.ps1'
[2.257s] INFO:colcon.colcon_core.shell:Creating environment descriptor '/home/flying/Documents/flying_squirrel_ros/install/my_test/share/my_test/hook/pythonpath.dsv'
[2.257s] INFO:colcon.colcon_core.shell:Creating environment hook '/home/flying/Documents/flying_squirrel_ros/install/my_test/share/my_test/hook/pythonpath.sh'
[2.258s] Level 1:colcon.colcon_core.environment:checking '/home/flying/Documents/flying_squirrel_ros/install/my_test/bin'
[2.258s] Level 1:colcon.colcon_core.environment:create_environment_scripts_only(my_test)
[2.258s] INFO:colcon.colcon_core.shell:Creating package script '/home/flying/Documents/flying_squirrel_ros/install/my_test/share/my_test/package.ps1'
[2.259s] INFO:colcon.colcon_core.shell:Creating package descriptor '/home/flying/Documents/flying_squirrel_ros/install/my_test/share/my_test/package.dsv'
[2.259s] INFO:colcon.colcon_core.shell:Creating package script '/home/flying/Documents/flying_squirrel_ros/install/my_test/share/my_test/package.sh'
[2.260s] INFO:colcon.colcon_core.shell:Creating package script '/home/flying/Documents/flying_squirrel_ros/install/my_test/share/my_test/package.bash'
[2.260s] INFO:colcon.colcon_core.shell:Creating package script '/home/flying/Documents/flying_squirrel_ros/install/my_test/share/my_test/package.zsh'
[2.260s] Level 1:colcon.colcon_core.environment:create_file_with_runtime_dependencies(/home/flying/Documents/flying_squirrel_ros/install/my_test/share/colcon-core/packages/my_test)
[3.520s] DEBUG:colcon.colcon_core.event_handler.log_command:Invoked command in '/home/flying/Documents/flying_squirrel_ros/build/imu_complementary_filter' returned '0': CMAKE_PREFIX_PATH=/opt/ros/humble CONDA_PROMPT_MODIFIER=(ros2) /usr/bin/cmake /home/flying/Documents/flying_squirrel_ros/src/imu_complementary_filter -DCMAKE_INSTALL_PREFIX=/home/flying/Documents/flying_squirrel_ros/install/imu_complementary_filter
[3.521s] DEBUG:colcon.colcon_core.event_handler.log_command:Invoking command in '/home/flying/Documents/flying_squirrel_ros/build/imu_complementary_filter': CMAKE_PREFIX_PATH=/opt/ros/humble CONDA_PROMPT_MODIFIER=(ros2) /usr/bin/cmake --build /home/flying/Documents/flying_squirrel_ros/build/imu_complementary_filter -- -j6 -l6
[4.305s] DEBUG:colcon.colcon_core.event_handler.log_command:Invoked command in '/home/flying/Documents/flying_squirrel_ros/build/flying_robot_interfaces' returned '0': CMAKE_PREFIX_PATH=/opt/ros/humble CONDA_PROMPT_MODIFIER=(ros2) /usr/bin/cmake /home/flying/Documents/flying_squirrel_ros/src/flying_robot_interfaces -DCMAKE_INSTALL_PREFIX=/home/flying/Documents/flying_squirrel_ros/install/flying_robot_interfaces
[4.305s] DEBUG:colcon.colcon_core.event_handler.log_command:Invoking command in '/home/flying/Documents/flying_squirrel_ros/build/flying_robot_interfaces': CMAKE_PREFIX_PATH=/opt/ros/humble CONDA_PROMPT_MODIFIER=(ros2) /usr/bin/cmake --build /home/flying/Documents/flying_squirrel_ros/build/flying_robot_interfaces -- -j6 -l6
[6.804s] DEBUG:colcon.colcon_core.event_handler.log_command:Invoked command in '/home/flying/Documents/flying_squirrel_ros/build/flying_robot_interfaces' returned '0': CMAKE_PREFIX_PATH=/opt/ros/humble CONDA_PROMPT_MODIFIER=(ros2) /usr/bin/cmake --build /home/flying/Documents/flying_squirrel_ros/build/flying_robot_interfaces -- -j6 -l6
[6.874s] DEBUG:colcon.colcon_core.event_handler.log_command:Invoking command in '/home/flying/Documents/flying_squirrel_ros/build/flying_robot_interfaces': CMAKE_PREFIX_PATH=/opt/ros/humble CONDA_PROMPT_MODIFIER=(ros2) /usr/bin/cmake --install /home/flying/Documents/flying_squirrel_ros/build/flying_robot_interfaces
[6.950s] Level 1:colcon.colcon_core.environment:create_environment_scripts_only(flying_robot_interfaces)
[6.950s] DEBUG:colcon.colcon_core.event_handler.log_command:Invoked command in '/home/flying/Documents/flying_squirrel_ros/build/flying_robot_interfaces' returned '0': CMAKE_PREFIX_PATH=/opt/ros/humble CONDA_PROMPT_MODIFIER=(ros2) /usr/bin/cmake --install /home/flying/Documents/flying_squirrel_ros/build/flying_robot_interfaces
[6.951s] Level 1:colcon.colcon_core.environment:checking '/home/flying/Documents/flying_squirrel_ros/install/flying_robot_interfaces' for CMake module files
[6.951s] Level 1:colcon.colcon_core.environment:checking '/home/flying/Documents/flying_squirrel_ros/install/flying_robot_interfaces' for CMake config files
[6.952s] Level 1:colcon.colcon_core.shell:create_environment_hook('flying_robot_interfaces', 'cmake_prefix_path')
[6.952s] INFO:colcon.colcon_core.shell:Creating environment hook '/home/flying/Documents/flying_squirrel_ros/install/flying_robot_interfaces/share/flying_robot_interfaces/hook/cmake_prefix_path.ps1'
[6.952s] INFO:colcon.colcon_core.shell:Creating environment descriptor '/home/flying/Documents/flying_squirrel_ros/install/flying_robot_interfaces/share/flying_robot_interfaces/hook/cmake_prefix_path.dsv'
[6.953s] INFO:colcon.colcon_core.shell:Creating environment hook '/home/flying/Documents/flying_squirrel_ros/install/flying_robot_interfaces/share/flying_robot_interfaces/hook/cmake_prefix_path.sh'
[6.953s] Level 1:colcon.colcon_core.environment:checking '/home/flying/Documents/flying_squirrel_ros/install/flying_robot_interfaces/lib'
[6.953s] Level 1:colcon.colcon_core.shell:create_environment_hook('flying_robot_interfaces', 'ld_library_path_lib')
[6.953s] INFO:colcon.colcon_core.shell:Creating environment hook '/home/flying/Documents/flying_squirrel_ros/install/flying_robot_interfaces/share/flying_robot_interfaces/hook/ld_library_path_lib.ps1'
[6.954s] INFO:colcon.colcon_core.shell:Creating environment descriptor '/home/flying/Documents/flying_squirrel_ros/install/flying_robot_interfaces/share/flying_robot_interfaces/hook/ld_library_path_lib.dsv'
[6.954s] INFO:colcon.colcon_core.shell:Creating environment hook '/home/flying/Documents/flying_squirrel_ros/install/flying_robot_interfaces/share/flying_robot_interfaces/hook/ld_library_path_lib.sh'
[6.954s] Level 1:colcon.colcon_core.environment:checking '/home/flying/Documents/flying_squirrel_ros/install/flying_robot_interfaces/bin'
[6.954s] Level 1:colcon.colcon_core.environment:checking '/home/flying/Documents/flying_squirrel_ros/install/flying_robot_interfaces/lib/pkgconfig/flying_robot_interfaces.pc'
[6.955s] Level 1:colcon.colcon_core.environment:checking '/home/flying/Documents/flying_squirrel_ros/install/flying_robot_interfaces/lib/python3.10/site-packages'
[6.955s] Level 1:colcon.colcon_core.shell:create_environment_hook('flying_robot_interfaces', 'pythonpath')
[6.955s] INFO:colcon.colcon_core.shell:Creating environment hook '/home/flying/Documents/flying_squirrel_ros/install/flying_robot_interfaces/share/flying_robot_interfaces/hook/pythonpath.ps1'
[6.955s] INFO:colcon.colcon_core.shell:Creating environment descriptor '/home/flying/Documents/flying_squirrel_ros/install/flying_robot_interfaces/share/flying_robot_interfaces/hook/pythonpath.dsv'
[6.956s] INFO:colcon.colcon_core.shell:Creating environment hook '/home/flying/Documents/flying_squirrel_ros/install/flying_robot_interfaces/share/flying_robot_interfaces/hook/pythonpath.sh'
[6.956s] Level 1:colcon.colcon_core.environment:checking '/home/flying/Documents/flying_squirrel_ros/install/flying_robot_interfaces/bin'
[6.956s] INFO:colcon.colcon_core.shell:Creating package script '/home/flying/Documents/flying_squirrel_ros/install/flying_robot_interfaces/share/flying_robot_interfaces/package.ps1'
[6.957s] INFO:colcon.colcon_core.shell:Creating package descriptor '/home/flying/Documents/flying_squirrel_ros/install/flying_robot_interfaces/share/flying_robot_interfaces/package.dsv'
[6.958s] INFO:colcon.colcon_core.shell:Creating package script '/home/flying/Documents/flying_squirrel_ros/install/flying_robot_interfaces/share/flying_robot_interfaces/package.sh'
[6.958s] INFO:colcon.colcon_core.shell:Creating package script '/home/flying/Documents/flying_squirrel_ros/install/flying_robot_interfaces/share/flying_robot_interfaces/package.bash'
[6.958s] INFO:colcon.colcon_core.shell:Creating package script '/home/flying/Documents/flying_squirrel_ros/install/flying_robot_interfaces/share/flying_robot_interfaces/package.zsh'
[6.959s] Level 1:colcon.colcon_core.environment:create_file_with_runtime_dependencies(/home/flying/Documents/flying_squirrel_ros/install/flying_robot_interfaces/share/colcon-core/packages/flying_robot_interfaces)
[7.037s] Level 1:colcon.colcon_core.environment:create_environment_scripts_only(flying_robot_interfaces)
[7.037s] Level 1:colcon.colcon_core.environment:checking '/home/flying/Documents/flying_squirrel_ros/install/flying_robot_interfaces' for CMake module files
[7.038s] Level 1:colcon.colcon_core.environment:checking '/home/flying/Documents/flying_squirrel_ros/install/flying_robot_interfaces' for CMake config files
[7.039s] Level 1:colcon.colcon_core.shell:create_environment_hook('flying_robot_interfaces', 'cmake_prefix_path')
[7.039s] INFO:colcon.colcon_core.shell:Creating environment hook '/home/flying/Documents/flying_squirrel_ros/install/flying_robot_interfaces/share/flying_robot_interfaces/hook/cmake_prefix_path.ps1'
[7.039s] INFO:colcon.colcon_core.shell:Creating environment descriptor '/home/flying/Documents/flying_squirrel_ros/install/flying_robot_interfaces/share/flying_robot_interfaces/hook/cmake_prefix_path.dsv'
[7.039s] INFO:colcon.colcon_core.shell:Creating environment hook '/home/flying/Documents/flying_squirrel_ros/install/flying_robot_interfaces/share/flying_robot_interfaces/hook/cmake_prefix_path.sh'
[7.040s] Level 1:colcon.colcon_core.environment:checking '/home/flying/Documents/flying_squirrel_ros/install/flying_robot_interfaces/lib'
[7.040s] Level 1:colcon.colcon_core.shell:create_environment_hook('flying_robot_interfaces', 'ld_library_path_lib')
[7.040s] INFO:colcon.colcon_core.shell:Creating environment hook '/home/flying/Documents/flying_squirrel_ros/install/flying_robot_interfaces/share/flying_robot_interfaces/hook/ld_library_path_lib.ps1'
[7.041s] INFO:colcon.colcon_core.shell:Creating environment descriptor '/home/flying/Documents/flying_squirrel_ros/install/flying_robot_interfaces/share/flying_robot_interfaces/hook/ld_library_path_lib.dsv'
[7.041s] INFO:colcon.colcon_core.shell:Creating environment hook '/home/flying/Documents/flying_squirrel_ros/install/flying_robot_interfaces/share/flying_robot_interfaces/hook/ld_library_path_lib.sh'
[7.042s] Level 1:colcon.colcon_core.environment:checking '/home/flying/Documents/flying_squirrel_ros/install/flying_robot_interfaces/bin'
[7.042s] Level 1:colcon.colcon_core.environment:checking '/home/flying/Documents/flying_squirrel_ros/install/flying_robot_interfaces/lib/pkgconfig/flying_robot_interfaces.pc'
[7.042s] Level 1:colcon.colcon_core.environment:checking '/home/flying/Documents/flying_squirrel_ros/install/flying_robot_interfaces/lib/python3.10/site-packages'
[7.042s] Level 1:colcon.colcon_core.shell:create_environment_hook('flying_robot_interfaces', 'pythonpath')
[7.042s] INFO:colcon.colcon_core.shell:Creating environment hook '/home/flying/Documents/flying_squirrel_ros/install/flying_robot_interfaces/share/flying_robot_interfaces/hook/pythonpath.ps1'
[7.046s] INFO:colcon.colcon_core.shell:Creating environment descriptor '/home/flying/Documents/flying_squirrel_ros/install/flying_robot_interfaces/share/flying_robot_interfaces/hook/pythonpath.dsv'
[7.046s] INFO:colcon.colcon_core.shell:Creating environment hook '/home/flying/Documents/flying_squirrel_ros/install/flying_robot_interfaces/share/flying_robot_interfaces/hook/pythonpath.sh'
[7.047s] Level 1:colcon.colcon_core.environment:checking '/home/flying/Documents/flying_squirrel_ros/install/flying_robot_interfaces/bin'
[7.049s] INFO:colcon.colcon_core.shell:Creating package script '/home/flying/Documents/flying_squirrel_ros/install/flying_robot_interfaces/share/flying_robot_interfaces/package.ps1'
[7.049s] INFO:colcon.colcon_core.shell:Creating package descriptor '/home/flying/Documents/flying_squirrel_ros/install/flying_robot_interfaces/share/flying_robot_interfaces/package.dsv'
[7.050s] INFO:colcon.colcon_core.shell:Creating package script '/home/flying/Documents/flying_squirrel_ros/install/flying_robot_interfaces/share/flying_robot_interfaces/package.sh'
[7.051s] INFO:colcon.colcon_core.shell:Creating package script '/home/flying/Documents/flying_squirrel_ros/install/flying_robot_interfaces/share/flying_robot_interfaces/package.bash'
[7.051s] INFO:colcon.colcon_core.shell:Creating package script '/home/flying/Documents/flying_squirrel_ros/install/flying_robot_interfaces/share/flying_robot_interfaces/package.zsh'
[7.054s] Level 1:colcon.colcon_core.environment:create_file_with_runtime_dependencies(/home/flying/Documents/flying_squirrel_ros/install/flying_robot_interfaces/share/colcon-core/packages/flying_robot_interfaces)
[22.767s] DEBUG:colcon.colcon_core.event_handler.log_command:Invoked command in '/home/flying/Documents/flying_squirrel_ros/build/imu_complementary_filter' returned '0': CMAKE_PREFIX_PATH=/opt/ros/humble CONDA_PROMPT_MODIFIER=(ros2) /usr/bin/cmake --build /home/flying/Documents/flying_squirrel_ros/build/imu_complementary_filter -- -j6 -l6
[22.791s] DEBUG:colcon.colcon_core.event_handler.log_command:Invoking command in '/home/flying/Documents/flying_squirrel_ros/build/imu_complementary_filter': CMAKE_PREFIX_PATH=/opt/ros/humble CONDA_PROMPT_MODIFIER=(ros2) /usr/bin/cmake --install /home/flying/Documents/flying_squirrel_ros/build/imu_complementary_filter
[22.810s] Level 1:colcon.colcon_core.environment:create_environment_scripts_only(imu_complementary_filter)
[22.810s] Level 1:colcon.colcon_core.environment:checking '/home/flying/Documents/flying_squirrel_ros/install/imu_complementary_filter' for CMake module files
[22.811s] DEBUG:colcon.colcon_core.event_handler.log_command:Invoked command in '/home/flying/Documents/flying_squirrel_ros/build/imu_complementary_filter' returned '0': CMAKE_PREFIX_PATH=/opt/ros/humble CONDA_PROMPT_MODIFIER=(ros2) /usr/bin/cmake --install /home/flying/Documents/flying_squirrel_ros/build/imu_complementary_filter
[22.811s] Level 1:colcon.colcon_core.environment:checking '/home/flying/Documents/flying_squirrel_ros/install/imu_complementary_filter' for CMake config files
[22.811s] Level 1:colcon.colcon_core.shell:create_environment_hook('imu_complementary_filter', 'cmake_prefix_path')
[22.812s] INFO:colcon.colcon_core.shell:Creating environment hook '/home/flying/Documents/flying_squirrel_ros/install/imu_complementary_filter/share/imu_complementary_filter/hook/cmake_prefix_path.ps1'
[22.812s] INFO:colcon.colcon_core.shell:Creating environment descriptor '/home/flying/Documents/flying_squirrel_ros/install/imu_complementary_filter/share/imu_complementary_filter/hook/cmake_prefix_path.dsv'
[22.812s] INFO:colcon.colcon_core.shell:Creating environment hook '/home/flying/Documents/flying_squirrel_ros/install/imu_complementary_filter/share/imu_complementary_filter/hook/cmake_prefix_path.sh'
[22.813s] Level 1:colcon.colcon_core.environment:checking '/home/flying/Documents/flying_squirrel_ros/install/imu_complementary_filter/lib'
[22.813s] Level 1:colcon.colcon_core.shell:create_environment_hook('imu_complementary_filter', 'ld_library_path_lib')
[22.813s] INFO:colcon.colcon_core.shell:Creating environment hook '/home/flying/Documents/flying_squirrel_ros/install/imu_complementary_filter/share/imu_complementary_filter/hook/ld_library_path_lib.ps1'
[22.813s] INFO:colcon.colcon_core.shell:Creating environment descriptor '/home/flying/Documents/flying_squirrel_ros/install/imu_complementary_filter/share/imu_complementary_filter/hook/ld_library_path_lib.dsv'
[22.813s] INFO:colcon.colcon_core.shell:Creating environment hook '/home/flying/Documents/flying_squirrel_ros/install/imu_complementary_filter/share/imu_complementary_filter/hook/ld_library_path_lib.sh'
[22.814s] Level 1:colcon.colcon_core.environment:checking '/home/flying/Documents/flying_squirrel_ros/install/imu_complementary_filter/bin'
[22.814s] Level 1:colcon.colcon_core.environment:checking '/home/flying/Documents/flying_squirrel_ros/install/imu_complementary_filter/lib/pkgconfig/imu_complementary_filter.pc'
[22.814s] Level 1:colcon.colcon_core.environment:checking '/home/flying/Documents/flying_squirrel_ros/install/imu_complementary_filter/lib/python3.10/site-packages'
[22.814s] Level 1:colcon.colcon_core.environment:checking '/home/flying/Documents/flying_squirrel_ros/install/imu_complementary_filter/bin'
[22.814s] INFO:colcon.colcon_core.shell:Creating package script '/home/flying/Documents/flying_squirrel_ros/install/imu_complementary_filter/share/imu_complementary_filter/package.ps1'
[22.815s] INFO:colcon.colcon_core.shell:Creating package descriptor '/home/flying/Documents/flying_squirrel_ros/install/imu_complementary_filter/share/imu_complementary_filter/package.dsv'
[22.815s] INFO:colcon.colcon_core.shell:Creating package script '/home/flying/Documents/flying_squirrel_ros/install/imu_complementary_filter/share/imu_complementary_filter/package.sh'
[22.815s] INFO:colcon.colcon_core.shell:Creating package script '/home/flying/Documents/flying_squirrel_ros/install/imu_complementary_filter/share/imu_complementary_filter/package.bash'
[22.816s] INFO:colcon.colcon_core.shell:Creating package script '/home/flying/Documents/flying_squirrel_ros/install/imu_complementary_filter/share/imu_complementary_filter/package.zsh'
[22.816s] Level 1:colcon.colcon_core.environment:create_file_with_runtime_dependencies(/home/flying/Documents/flying_squirrel_ros/install/imu_complementary_filter/share/colcon-core/packages/imu_complementary_filter)
[22.840s] Level 1:colcon.colcon_core.environment:create_environment_scripts_only(imu_complementary_filter)
[22.841s] Level 1:colcon.colcon_core.environment:checking '/home/flying/Documents/flying_squirrel_ros/install/imu_complementary_filter' for CMake module files
[22.841s] Level 1:colcon.colcon_core.environment:checking '/home/flying/Documents/flying_squirrel_ros/install/imu_complementary_filter' for CMake config files
[22.841s] Level 1:colcon.colcon_core.shell:create_environment_hook('imu_complementary_filter', 'cmake_prefix_path')
[22.841s] INFO:colcon.colcon_core.shell:Creating environment hook '/home/flying/Documents/flying_squirrel_ros/install/imu_complementary_filter/share/imu_complementary_filter/hook/cmake_prefix_path.ps1'
[22.842s] INFO:colcon.colcon_core.shell:Creating environment descriptor '/home/flying/Documents/flying_squirrel_ros/install/imu_complementary_filter/share/imu_complementary_filter/hook/cmake_prefix_path.dsv'
[22.842s] INFO:colcon.colcon_core.shell:Creating environment hook '/home/flying/Documents/flying_squirrel_ros/install/imu_complementary_filter/share/imu_complementary_filter/hook/cmake_prefix_path.sh'
[22.843s] Level 1:colcon.colcon_core.environment:checking '/home/flying/Documents/flying_squirrel_ros/install/imu_complementary_filter/lib'
[22.843s] Level 1:colcon.colcon_core.shell:create_environment_hook('imu_complementary_filter', 'ld_library_path_lib')
[22.843s] INFO:colcon.colcon_core.shell:Creating environment hook '/home/flying/Documents/flying_squirrel_ros/install/imu_complementary_filter/share/imu_complementary_filter/hook/ld_library_path_lib.ps1'
[22.843s] INFO:colcon.colcon_core.shell:Creating environment descriptor '/home/flying/Documents/flying_squirrel_ros/install/imu_complementary_filter/share/imu_complementary_filter/hook/ld_library_path_lib.dsv'
[22.843s] INFO:colcon.colcon_core.shell:Creating environment hook '/home/flying/Documents/flying_squirrel_ros/install/imu_complementary_filter/share/imu_complementary_filter/hook/ld_library_path_lib.sh'
[22.844s] Level 1:colcon.colcon_core.environment:checking '/home/flying/Documents/flying_squirrel_ros/install/imu_complementary_filter/bin'
[22.844s] Level 1:colcon.colcon_core.environment:checking '/home/flying/Documents/flying_squirrel_ros/install/imu_complementary_filter/lib/pkgconfig/imu_complementary_filter.pc'
[22.844s] Level 1:colcon.colcon_core.environment:checking '/home/flying/Documents/flying_squirrel_ros/install/imu_complementary_filter/lib/python3.10/site-packages'
[22.844s] Level 1:colcon.colcon_core.environment:checking '/home/flying/Documents/flying_squirrel_ros/install/imu_complementary_filter/bin'
[22.844s] INFO:colcon.colcon_core.shell:Creating package script '/home/flying/Documents/flying_squirrel_ros/install/imu_complementary_filter/share/imu_complementary_filter/package.ps1'
[22.845s] INFO:colcon.colcon_core.shell:Creating package descriptor '/home/flying/Documents/flying_squirrel_ros/install/imu_complementary_filter/share/imu_complementary_filter/package.dsv'
[22.845s] INFO:colcon.colcon_core.shell:Creating package script '/home/flying/Documents/flying_squirrel_ros/install/imu_complementary_filter/share/imu_complementary_filter/package.sh'
[22.846s] INFO:colcon.colcon_core.shell:Creating package script '/home/flying/Documents/flying_squirrel_ros/install/imu_complementary_filter/share/imu_complementary_filter/package.bash'
[22.846s] INFO:colcon.colcon_core.shell:Creating package script '/home/flying/Documents/flying_squirrel_ros/install/imu_complementary_filter/share/imu_complementary_filter/package.zsh'
[22.846s] Level 1:colcon.colcon_core.environment:create_file_with_runtime_dependencies(/home/flying/Documents/flying_squirrel_ros/install/imu_complementary_filter/share/colcon-core/packages/imu_complementary_filter)
[22.846s] DEBUG:colcon.colcon_parallel_executor.executor.parallel:closing loop
[22.847s] DEBUG:colcon.colcon_parallel_executor.executor.parallel:loop closed
[22.847s] DEBUG:colcon.colcon_parallel_executor.executor.parallel:run_until_complete finished with '0'
[22.847s] DEBUG:colcon.colcon_core.event_reactor:joining thread
[22.850s] INFO:colcon.colcon_core.plugin_system:Skipping extension 'colcon_notification.desktop_notification.notify2': 'notify2' not found
[22.851s] INFO:colcon.colcon_core.plugin_system:Skipping extension 'colcon_notification.desktop_notification.terminal_notifier': Not used on non-Darwin systems
[22.851s] INFO:colcon.colcon_core.plugin_system:Skipping extension 'colcon_notification.desktop_notification.win32': Not used on non-Windows systems
[22.851s] INFO:colcon.colcon_notification.desktop_notification:Sending desktop notification using 'notify_send'
[22.877s] DEBUG:colcon.colcon_core.event_reactor:joined thread
[22.877s] INFO:colcon.colcon_core.shell:Creating prefix script '/home/flying/Documents/flying_squirrel_ros/install/local_setup.ps1'
[22.878s] INFO:colcon.colcon_core.shell:Creating prefix util module '/home/flying/Documents/flying_squirrel_ros/install/_local_setup_util_ps1.py'
[22.880s] INFO:colcon.colcon_core.shell:Creating prefix chain script '/home/flying/Documents/flying_squirrel_ros/install/setup.ps1'
[22.881s] INFO:colcon.colcon_core.shell:Creating prefix script '/home/flying/Documents/flying_squirrel_ros/install/local_setup.sh'
[22.881s] INFO:colcon.colcon_core.shell:Creating prefix util module '/home/flying/Documents/flying_squirrel_ros/install/_local_setup_util_sh.py'
[22.881s] INFO:colcon.colcon_core.shell:Creating prefix chain script '/home/flying/Documents/flying_squirrel_ros/install/setup.sh'
[22.882s] INFO:colcon.colcon_core.shell:Creating prefix script '/home/flying/Documents/flying_squirrel_ros/install/local_setup.bash'
[22.883s] INFO:colcon.colcon_core.shell:Creating prefix chain script '/home/flying/Documents/flying_squirrel_ros/install/setup.bash'
[22.884s] INFO:colcon.colcon_core.shell:Creating prefix script '/home/flying/Documents/flying_squirrel_ros/install/local_setup.zsh'
[22.885s] INFO:colcon.colcon_core.shell:Creating prefix chain script '/home/flying/Documents/flying_squirrel_ros/install/setup.zsh'
