[0.236s] Invoking command in '/home/flying/Documents/flying_squirrel_ros/build/flying_robot_interfaces': CMAKE_PREFIX_PATH=/opt/ros/humble CONDA_PROMPT_MODIFIER=(ros2) /usr/bin/cmake /home/flying/Documents/flying_squirrel_ros/src/flying_robot_interfaces -DCMAKE_INSTALL_PREFIX=/home/flying/Documents/flying_squirrel_ros/install/flying_robot_interfaces
[0.575s] -- The C compiler identification is GNU 12.1.0
[0.818s] -- The CXX compiler identification is GNU 11.4.0
[0.845s] -- Detecting C compiler ABI info
[0.927s] -- Detecting C compiler ABI info - done
[0.952s] -- Check for working C compiler: /home/flying/miniconda3/envs/ros2/bin/cc - skipped
[0.955s] -- Detecting C compile features
[0.959s] -- Detecting C compile features - done
[0.979s] -- Detecting CXX compiler ABI info
[1.106s] -- Detecting CXX compiler ABI info - done
[1.129s] -- Check for working CXX compiler: /usr/bin/c++ - skipped
[1.129s] -- Detecting CXX compile features
[1.131s] -- Detecting CXX compile features - done
[1.134s] -- Found ament_cmake: 1.3.10 (/opt/ros/humble/share/ament_cmake/cmake)
[1.245s] -- Found Python3: /home/flying/miniconda3/envs/ros2/bin/python3 (found version "3.10.14") found components: Interpreter
[1.396s] -- Found std_msgs: 4.2.4 (/opt/ros/humble/share/std_msgs/cmake)
[1.449s] -- Found rosidl_generator_c: 3.1.5 (/opt/ros/humble/share/rosidl_generator_c/cmake)
[1.455s] -- Found rosidl_adapter: 3.1.5 (/opt/ros/humble/share/rosidl_adapter/cmake)
[1.466s] -- Found rosidl_generator_cpp: 3.1.5 (/opt/ros/humble/share/rosidl_generator_cpp/cmake)
[1.488s] -- Using all available rosidl_typesupport_c: rosidl_typesupport_fastrtps_c;rosidl_typesupport_introspection_c
[1.510s] -- Using all available rosidl_typesupport_cpp: rosidl_typesupport_fastrtps_cpp;rosidl_typesupport_introspection_cpp
[1.565s] -- Found rosidl_default_generators: 1.2.0 (/opt/ros/humble/share/rosidl_default_generators/cmake)
[2.022s] -- Found ament_cmake_ros: 0.10.0 (/opt/ros/humble/share/ament_cmake_ros/cmake)
[2.656s] -- Using all available rosidl_typesupport_c: rosidl_typesupport_fastrtps_c;rosidl_typesupport_introspection_c
[2.963s] -- Using all available rosidl_typesupport_cpp: rosidl_typesupport_fastrtps_cpp;rosidl_typesupport_introspection_cpp
[2.968s] [33mCMake Warning (dev) at /opt/ros/humble/share/rosidl_generator_py/cmake/rosidl_generator_py_generate_interfaces.cmake:20 (find_package):
[2.968s]   Policy CMP0148 is not set: The FindPythonInterp and FindPythonLibs modules
[2.968s]   are removed.  Run "cmake --help-policy CMP0148" for policy details.  Use
[2.968s]   the cmake_policy command to set the policy and suppress this warning.
[2.968s] 
[2.968s] Call Stack (most recent call first):
[2.968s]   /opt/ros/humble/share/ament_cmake_core/cmake/core/ament_execute_extensions.cmake:48 (include)
[2.968s]   /opt/ros/humble/share/rosidl_cmake/cmake/rosidl_generate_interfaces.cmake:286 (ament_execute_extensions)
[2.968s]   CMakeLists.txt:18 (rosidl_generate_interfaces)
[2.969s] This warning is for project developers.  Use -Wno-dev to suppress it.
[2.969s] [0m
[2.991s] -- Found PythonInterp: /home/flying/miniconda3/envs/ros2/bin/python3 (found suitable version "3.10.14", minimum required is "3.6")
[2.994s] -- Found python_cmake_module: 0.10.0 (/opt/ros/humble/share/python_cmake_module/cmake)
[2.997s] [33mCMake Warning (dev) at /opt/ros/humble/share/python_cmake_module/cmake/Modules/FindPythonExtra.cmake:52 (find_package):
[2.997s]   Policy CMP0148 is not set: The FindPythonInterp and FindPythonLibs modules
[2.997s]   are removed.  Run "cmake --help-policy CMP0148" for policy details.  Use
[2.997s]   the cmake_policy command to set the policy and suppress this warning.
[2.997s] 
[2.997s] Call Stack (most recent call first):
[2.997s]   /opt/ros/humble/share/rosidl_generator_py/cmake/rosidl_generator_py_generate_interfaces.cmake:23 (find_package)
[2.997s]   /opt/ros/humble/share/ament_cmake_core/cmake/core/ament_execute_extensions.cmake:48 (include)
[2.997s]   /opt/ros/humble/share/rosidl_cmake/cmake/rosidl_generate_interfaces.cmake:286 (ament_execute_extensions)
[2.997s]   CMakeLists.txt:18 (rosidl_generate_interfaces)
[2.997s] This warning is for project developers.  Use -Wno-dev to suppress it.
[2.997s] [0m
[3.011s] [33mCMake Warning (dev) at /opt/ros/humble/share/python_cmake_module/cmake/Modules/FindPythonExtra.cmake:140 (find_package):
[3.011s]   Policy CMP0148 is not set: The FindPythonInterp and FindPythonLibs modules
[3.011s]   are removed.  Run "cmake --help-policy CMP0148" for policy details.  Use
[3.011s]   the cmake_policy command to set the policy and suppress this warning.
[3.011s] 
[3.012s] Call Stack (most recent call first):
[3.012s]   /opt/ros/humble/share/rosidl_generator_py/cmake/rosidl_generator_py_generate_interfaces.cmake:23 (find_package)
[3.012s]   /opt/ros/humble/share/ament_cmake_core/cmake/core/ament_execute_extensions.cmake:48 (include)
[3.012s]   /opt/ros/humble/share/rosidl_cmake/cmake/rosidl_generate_interfaces.cmake:286 (ament_execute_extensions)
[3.012s]   CMakeLists.txt:18 (rosidl_generate_interfaces)
[3.012s] This warning is for project developers.  Use -Wno-dev to suppress it.
[3.012s] [0m
[3.016s] -- Found PythonLibs: /home/flying/miniconda3/envs/ros2/lib/libpython3.10.so (found suitable version "3.10.14", minimum required is "3.5")
[3.016s] -- Using PYTHON_EXECUTABLE: /home/flying/miniconda3/envs/ros2/bin/python3
[3.017s] -- Using PYTHON_INCLUDE_DIRS: /home/flying/miniconda3/envs/ros2/include/python3.10
[3.017s] -- Using PYTHON_LIBRARIES: /home/flying/miniconda3/envs/ros2/lib/libpython3.10.so
[3.034s] -- Found PythonExtra: .so
[3.324s] -- Using numpy include directory: /home/flying/miniconda3/envs/ros2/lib/python3.10/site-packages/numpy/_core/include
[3.335s] -- Found ament_lint_auto: 0.12.11 (/opt/ros/humble/share/ament_lint_auto/cmake)
[3.367s] -- Added test 'copyright' to check source files copyright and LICENSE
[3.370s] -- Added test 'lint_cmake' to check CMake code style
[3.372s] -- Added test 'xmllint' to check XML markup files
[3.375s] -- Configuring done (3.1s)
[3.421s] -- Generating done (0.0s)
[3.421s] -- Build files have been written to: /home/flying/Documents/flying_squirrel_ros/build/flying_robot_interfaces
[3.434s] Invoked command in '/home/flying/Documents/flying_squirrel_ros/build/flying_robot_interfaces' returned '0': CMAKE_PREFIX_PATH=/opt/ros/humble CONDA_PROMPT_MODIFIER=(ros2) /usr/bin/cmake /home/flying/Documents/flying_squirrel_ros/src/flying_robot_interfaces -DCMAKE_INSTALL_PREFIX=/home/flying/Documents/flying_squirrel_ros/install/flying_robot_interfaces
[3.434s] Invoking command in '/home/flying/Documents/flying_squirrel_ros/build/flying_robot_interfaces': CMAKE_PREFIX_PATH=/opt/ros/humble CONDA_PROMPT_MODIFIER=(ros2) /usr/bin/cmake --build /home/flying/Documents/flying_squirrel_ros/build/flying_robot_interfaces -- -j6 -l6
[3.461s] [  3%] [34m[1mGenerating C code for ROS interfaces[0m
[3.469s] [  6%] [34m[1mGenerating C++ code for ROS interfaces[0m
[3.475s] [  6%] Built target ament_cmake_python_copy_flying_robot_interfaces
[3.712s] running egg_info
[3.713s] creating flying_robot_interfaces.egg-info
[3.713s] writing flying_robot_interfaces.egg-info/PKG-INFO
[3.714s] writing dependency_links to flying_robot_interfaces.egg-info/dependency_links.txt
[3.714s] writing top-level names to flying_robot_interfaces.egg-info/top_level.txt
[3.716s] writing manifest file 'flying_robot_interfaces.egg-info/SOURCES.txt'
[3.717s] reading manifest file 'flying_robot_interfaces.egg-info/SOURCES.txt'
[3.718s] writing manifest file 'flying_robot_interfaces.egg-info/SOURCES.txt'
[3.773s] [  6%] Built target ament_cmake_python_build_flying_robot_interfaces_egg
[3.848s] [  6%] Built target flying_robot_interfaces__cpp
[3.868s] [  9%] [34m[1mGenerating C++ introspection for ROS interfaces[0m
[3.869s] [ 12%] [34m[1mGenerating C++ type support for eProsima Fast-RTPS[0m
[3.872s] [ 16%] [34m[1mGenerating C++ type support dispatch for ROS interfaces[0m
[3.874s] [ 19%] [32mBuilding C object CMakeFiles/flying_robot_interfaces__rosidl_generator_c.dir/rosidl_generator_c/flying_robot_interfaces/msg/detail/servo_pwm_state__functions.c.o[0m
[4.032s] [ 22%] [32m[1mLinking C shared library libflying_robot_interfaces__rosidl_generator_c.so[0m
[4.091s] [ 22%] Built target flying_robot_interfaces__rosidl_generator_c
[4.102s] [ 25%] [34m[1mGenerating C type support for eProsima Fast-RTPS[0m
[4.105s] [ 29%] [34m[1mGenerating C introspection for ROS interfaces[0m
[4.109s] [ 32%] [34m[1mGenerating C type support dispatch for ROS interfaces[0m
[4.172s] [ 35%] [32mBuilding CXX object CMakeFiles/flying_robot_interfaces__rosidl_typesupport_cpp.dir/rosidl_typesupport_cpp/flying_robot_interfaces/msg/servo_pwm_state__type_support.cpp.o[0m
[4.258s] [ 38%] [32mBuilding CXX object CMakeFiles/flying_robot_interfaces__rosidl_typesupport_fastrtps_cpp.dir/rosidl_typesupport_fastrtps_cpp/flying_robot_interfaces/msg/detail/dds_fastrtps/servo_pwm_state__type_support.cpp.o[0m
[4.262s] [ 41%] [32mBuilding CXX object CMakeFiles/flying_robot_interfaces__rosidl_typesupport_introspection_cpp.dir/rosidl_typesupport_introspection_cpp/flying_robot_interfaces/msg/detail/servo_pwm_state__type_support.cpp.o[0m
[4.488s] [ 45%] [32mBuilding CXX object CMakeFiles/flying_robot_interfaces__rosidl_typesupport_c.dir/rosidl_typesupport_c/flying_robot_interfaces/msg/servo_pwm_state__type_support.cpp.o[0m
[4.531s] [ 48%] [32mBuilding C object CMakeFiles/flying_robot_interfaces__rosidl_typesupport_introspection_c.dir/rosidl_typesupport_introspection_c/flying_robot_interfaces/msg/detail/servo_pwm_state__type_support.c.o[0m
[4.547s] [ 51%] [32m[1mLinking CXX shared library libflying_robot_interfaces__rosidl_typesupport_c.so[0m
[4.600s] [ 51%] Built target flying_robot_interfaces__rosidl_typesupport_c
[4.619s] [ 54%] [32m[1mLinking C shared library libflying_robot_interfaces__rosidl_typesupport_introspection_c.so[0m
[4.648s] [ 58%] [32m[1mLinking CXX shared library libflying_robot_interfaces__rosidl_typesupport_cpp.so[0m
[4.658s] [ 61%] [32mBuilding CXX object CMakeFiles/flying_robot_interfaces__rosidl_typesupport_fastrtps_c.dir/rosidl_typesupport_fastrtps_c/flying_robot_interfaces/msg/detail/servo_pwm_state__type_support_c.cpp.o[0m
[4.675s] [ 61%] Built target flying_robot_interfaces__rosidl_typesupport_introspection_c
[4.708s] [ 61%] Built target flying_robot_interfaces__rosidl_typesupport_cpp
[4.836s] [ 64%] [32m[1mLinking CXX shared library libflying_robot_interfaces__rosidl_typesupport_fastrtps_cpp.so[0m
[4.960s] [ 67%] [32m[1mLinking CXX shared library libflying_robot_interfaces__rosidl_typesupport_introspection_cpp.so[0m
[4.974s] [ 67%] Built target flying_robot_interfaces__rosidl_typesupport_fastrtps_cpp
[5.066s] [ 67%] Built target flying_robot_interfaces__rosidl_typesupport_introspection_cpp
[5.106s] [ 70%] [32m[1mLinking CXX shared library libflying_robot_interfaces__rosidl_typesupport_fastrtps_c.so[0m
[5.221s] [ 70%] Built target flying_robot_interfaces__rosidl_typesupport_fastrtps_c
[5.233s] [ 70%] Built target flying_robot_interfaces
[5.247s] [ 74%] [34m[1mGenerating Python code for ROS interfaces[0m
[5.558s] [ 74%] Built target flying_robot_interfaces__py
[5.568s] [ 77%] [32mBuilding C object CMakeFiles/flying_robot_interfaces__rosidl_generator_py.dir/rosidl_generator_py/flying_robot_interfaces/msg/_servo_pwm_state_s.c.o[0m
[5.721s] [ 80%] [32m[1mLinking C shared library rosidl_generator_py/flying_robot_interfaces/libflying_robot_interfaces__rosidl_generator_py.so[0m
[5.763s] [ 80%] Built target flying_robot_interfaces__rosidl_generator_py
[5.774s] [ 87%] [32mBuilding C object CMakeFiles/flying_robot_interfaces__rosidl_typesupport_introspection_c__pyext.dir/rosidl_generator_py/flying_robot_interfaces/_flying_robot_interfaces_s.ep.rosidl_typesupport_introspection_c.c.o[0m
[5.774s] [ 87%] [32mBuilding C object CMakeFiles/flying_robot_interfaces__rosidl_typesupport_c__pyext.dir/rosidl_generator_py/flying_robot_interfaces/_flying_robot_interfaces_s.ep.rosidl_typesupport_c.c.o[0m
[5.775s] [ 90%] [32mBuilding C object CMakeFiles/flying_robot_interfaces__rosidl_typesupport_fastrtps_c__pyext.dir/rosidl_generator_py/flying_robot_interfaces/_flying_robot_interfaces_s.ep.rosidl_typesupport_fastrtps_c.c.o[0m
[5.867s] [ 93%] [32m[1mLinking C shared library rosidl_generator_py/flying_robot_interfaces/flying_robot_interfaces_s__rosidl_typesupport_fastrtps_c.cpython-310-x86_64-linux-gnu.so[0m
[5.871s] [ 96%] [32m[1mLinking C shared library rosidl_generator_py/flying_robot_interfaces/flying_robot_interfaces_s__rosidl_typesupport_c.cpython-310-x86_64-linux-gnu.so[0m
[5.877s] [100%] [32m[1mLinking C shared library rosidl_generator_py/flying_robot_interfaces/flying_robot_interfaces_s__rosidl_typesupport_introspection_c.cpython-310-x86_64-linux-gnu.so[0m
[5.917s] [100%] Built target flying_robot_interfaces__rosidl_typesupport_c__pyext
[5.922s] [100%] Built target flying_robot_interfaces__rosidl_typesupport_fastrtps_c__pyext
[5.925s] [100%] Built target flying_robot_interfaces__rosidl_typesupport_introspection_c__pyext
[5.933s] Invoked command in '/home/flying/Documents/flying_squirrel_ros/build/flying_robot_interfaces' returned '0': CMAKE_PREFIX_PATH=/opt/ros/humble CONDA_PROMPT_MODIFIER=(ros2) /usr/bin/cmake --build /home/flying/Documents/flying_squirrel_ros/build/flying_robot_interfaces -- -j6 -l6
[6.003s] Invoking command in '/home/flying/Documents/flying_squirrel_ros/build/flying_robot_interfaces': CMAKE_PREFIX_PATH=/opt/ros/humble CONDA_PROMPT_MODIFIER=(ros2) /usr/bin/cmake --install /home/flying/Documents/flying_squirrel_ros/build/flying_robot_interfaces
[6.005s] -- Install configuration: ""
[6.005s] -- Installing: /home/flying/Documents/flying_squirrel_ros/install/flying_robot_interfaces/share/ament_index/resource_index/rosidl_interfaces/flying_robot_interfaces
[6.005s] -- Installing: /home/flying/Documents/flying_squirrel_ros/install/flying_robot_interfaces/include/flying_robot_interfaces/flying_robot_interfaces
[6.006s] -- Installing: /home/flying/Documents/flying_squirrel_ros/install/flying_robot_interfaces/include/flying_robot_interfaces/flying_robot_interfaces/msg
[6.006s] -- Installing: /home/flying/Documents/flying_squirrel_ros/install/flying_robot_interfaces/include/flying_robot_interfaces/flying_robot_interfaces/msg/detail
[6.006s] -- Installing: /home/flying/Documents/flying_squirrel_ros/install/flying_robot_interfaces/include/flying_robot_interfaces/flying_robot_interfaces/msg/detail/servo_pwm_state__type_support.h
[6.006s] -- Installing: /home/flying/Documents/flying_squirrel_ros/install/flying_robot_interfaces/include/flying_robot_interfaces/flying_robot_interfaces/msg/detail/servo_pwm_state__functions.h
[6.006s] -- Installing: /home/flying/Documents/flying_squirrel_ros/install/flying_robot_interfaces/include/flying_robot_interfaces/flying_robot_interfaces/msg/detail/servo_pwm_state__functions.c
[6.006s] -- Installing: /home/flying/Documents/flying_squirrel_ros/install/flying_robot_interfaces/include/flying_robot_interfaces/flying_robot_interfaces/msg/detail/servo_pwm_state__struct.h
[6.006s] -- Installing: /home/flying/Documents/flying_squirrel_ros/install/flying_robot_interfaces/include/flying_robot_interfaces/flying_robot_interfaces/msg/rosidl_generator_c__visibility_control.h
[6.006s] -- Installing: /home/flying/Documents/flying_squirrel_ros/install/flying_robot_interfaces/include/flying_robot_interfaces/flying_robot_interfaces/msg/servo_pwm_state.h
[6.007s] -- Installing: /home/flying/Documents/flying_squirrel_ros/install/flying_robot_interfaces/share/flying_robot_interfaces/environment/library_path.sh
[6.007s] -- Installing: /home/flying/Documents/flying_squirrel_ros/install/flying_robot_interfaces/share/flying_robot_interfaces/environment/library_path.dsv
[6.007s] -- Installing: /home/flying/Documents/flying_squirrel_ros/install/flying_robot_interfaces/lib/libflying_robot_interfaces__rosidl_generator_c.so
[6.009s] -- Set non-toolchain portion of runtime path of "/home/flying/Documents/flying_squirrel_ros/install/flying_robot_interfaces/lib/libflying_robot_interfaces__rosidl_generator_c.so" to ""
[6.009s] -- Up-to-date: /home/flying/Documents/flying_squirrel_ros/install/flying_robot_interfaces/include/flying_robot_interfaces/flying_robot_interfaces
[6.009s] -- Up-to-date: /home/flying/Documents/flying_squirrel_ros/install/flying_robot_interfaces/include/flying_robot_interfaces/flying_robot_interfaces/msg
[6.009s] -- Up-to-date: /home/flying/Documents/flying_squirrel_ros/install/flying_robot_interfaces/include/flying_robot_interfaces/flying_robot_interfaces/msg/detail
[6.009s] -- Installing: /home/flying/Documents/flying_squirrel_ros/install/flying_robot_interfaces/include/flying_robot_interfaces/flying_robot_interfaces/msg/detail/servo_pwm_state__rosidl_typesupport_fastrtps_c.h
[6.009s] -- Installing: /home/flying/Documents/flying_squirrel_ros/install/flying_robot_interfaces/include/flying_robot_interfaces/flying_robot_interfaces/msg/rosidl_typesupport_fastrtps_c__visibility_control.h
[6.009s] -- Installing: /home/flying/Documents/flying_squirrel_ros/install/flying_robot_interfaces/lib/libflying_robot_interfaces__rosidl_typesupport_fastrtps_c.so
[6.009s] -- Set non-toolchain portion of runtime path of "/home/flying/Documents/flying_squirrel_ros/install/flying_robot_interfaces/lib/libflying_robot_interfaces__rosidl_typesupport_fastrtps_c.so" to ""
[6.009s] -- Up-to-date: /home/flying/Documents/flying_squirrel_ros/install/flying_robot_interfaces/include/flying_robot_interfaces/flying_robot_interfaces
[6.009s] -- Up-to-date: /home/flying/Documents/flying_squirrel_ros/install/flying_robot_interfaces/include/flying_robot_interfaces/flying_robot_interfaces/msg
[6.009s] -- Up-to-date: /home/flying/Documents/flying_squirrel_ros/install/flying_robot_interfaces/include/flying_robot_interfaces/flying_robot_interfaces/msg/detail
[6.010s] -- Installing: /home/flying/Documents/flying_squirrel_ros/install/flying_robot_interfaces/include/flying_robot_interfaces/flying_robot_interfaces/msg/detail/servo_pwm_state__struct.hpp
[6.010s] -- Installing: /home/flying/Documents/flying_squirrel_ros/install/flying_robot_interfaces/include/flying_robot_interfaces/flying_robot_interfaces/msg/detail/servo_pwm_state__traits.hpp
[6.010s] -- Installing: /home/flying/Documents/flying_squirrel_ros/install/flying_robot_interfaces/include/flying_robot_interfaces/flying_robot_interfaces/msg/detail/servo_pwm_state__builder.hpp
[6.011s] -- Installing: /home/flying/Documents/flying_squirrel_ros/install/flying_robot_interfaces/include/flying_robot_interfaces/flying_robot_interfaces/msg/servo_pwm_state.hpp
[6.012s] -- Up-to-date: /home/flying/Documents/flying_squirrel_ros/install/flying_robot_interfaces/include/flying_robot_interfaces/flying_robot_interfaces
[6.012s] -- Up-to-date: /home/flying/Documents/flying_squirrel_ros/install/flying_robot_interfaces/include/flying_robot_interfaces/flying_robot_interfaces/msg
[6.012s] -- Up-to-date: /home/flying/Documents/flying_squirrel_ros/install/flying_robot_interfaces/include/flying_robot_interfaces/flying_robot_interfaces/msg/detail
[6.012s] -- Installing: /home/flying/Documents/flying_squirrel_ros/install/flying_robot_interfaces/include/flying_robot_interfaces/flying_robot_interfaces/msg/detail/dds_fastrtps
[6.012s] -- Installing: /home/flying/Documents/flying_squirrel_ros/install/flying_robot_interfaces/include/flying_robot_interfaces/flying_robot_interfaces/msg/detail/servo_pwm_state__rosidl_typesupport_fastrtps_cpp.hpp
[6.012s] -- Installing: /home/flying/Documents/flying_squirrel_ros/install/flying_robot_interfaces/include/flying_robot_interfaces/flying_robot_interfaces/msg/rosidl_typesupport_fastrtps_cpp__visibility_control.h
[6.012s] -- Installing: /home/flying/Documents/flying_squirrel_ros/install/flying_robot_interfaces/lib/libflying_robot_interfaces__rosidl_typesupport_fastrtps_cpp.so
[6.012s] -- Set non-toolchain portion of runtime path of "/home/flying/Documents/flying_squirrel_ros/install/flying_robot_interfaces/lib/libflying_robot_interfaces__rosidl_typesupport_fastrtps_cpp.so" to ""
[6.012s] -- Up-to-date: /home/flying/Documents/flying_squirrel_ros/install/flying_robot_interfaces/include/flying_robot_interfaces/flying_robot_interfaces
[6.012s] -- Up-to-date: /home/flying/Documents/flying_squirrel_ros/install/flying_robot_interfaces/include/flying_robot_interfaces/flying_robot_interfaces/msg
[6.012s] -- Up-to-date: /home/flying/Documents/flying_squirrel_ros/install/flying_robot_interfaces/include/flying_robot_interfaces/flying_robot_interfaces/msg/detail
[6.012s] -- Installing: /home/flying/Documents/flying_squirrel_ros/install/flying_robot_interfaces/include/flying_robot_interfaces/flying_robot_interfaces/msg/detail/servo_pwm_state__type_support.c
[6.012s] -- Installing: /home/flying/Documents/flying_squirrel_ros/install/flying_robot_interfaces/include/flying_robot_interfaces/flying_robot_interfaces/msg/detail/servo_pwm_state__rosidl_typesupport_introspection_c.h
[6.012s] -- Installing: /home/flying/Documents/flying_squirrel_ros/install/flying_robot_interfaces/include/flying_robot_interfaces/flying_robot_interfaces/msg/rosidl_typesupport_introspection_c__visibility_control.h
[6.012s] -- Installing: /home/flying/Documents/flying_squirrel_ros/install/flying_robot_interfaces/lib/libflying_robot_interfaces__rosidl_typesupport_introspection_c.so
[6.012s] -- Set non-toolchain portion of runtime path of "/home/flying/Documents/flying_squirrel_ros/install/flying_robot_interfaces/lib/libflying_robot_interfaces__rosidl_typesupport_introspection_c.so" to ""
[6.012s] -- Installing: /home/flying/Documents/flying_squirrel_ros/install/flying_robot_interfaces/lib/libflying_robot_interfaces__rosidl_typesupport_c.so
[6.014s] -- Set non-toolchain portion of runtime path of "/home/flying/Documents/flying_squirrel_ros/install/flying_robot_interfaces/lib/libflying_robot_interfaces__rosidl_typesupport_c.so" to ""
[6.014s] -- Up-to-date: /home/flying/Documents/flying_squirrel_ros/install/flying_robot_interfaces/include/flying_robot_interfaces/flying_robot_interfaces
[6.014s] -- Up-to-date: /home/flying/Documents/flying_squirrel_ros/install/flying_robot_interfaces/include/flying_robot_interfaces/flying_robot_interfaces/msg
[6.014s] -- Up-to-date: /home/flying/Documents/flying_squirrel_ros/install/flying_robot_interfaces/include/flying_robot_interfaces/flying_robot_interfaces/msg/detail
[6.014s] -- Installing: /home/flying/Documents/flying_squirrel_ros/install/flying_robot_interfaces/include/flying_robot_interfaces/flying_robot_interfaces/msg/detail/servo_pwm_state__rosidl_typesupport_introspection_cpp.hpp
[6.016s] -- Installing: /home/flying/Documents/flying_squirrel_ros/install/flying_robot_interfaces/include/flying_robot_interfaces/flying_robot_interfaces/msg/detail/servo_pwm_state__type_support.cpp
[6.016s] -- Installing: /home/flying/Documents/flying_squirrel_ros/install/flying_robot_interfaces/lib/libflying_robot_interfaces__rosidl_typesupport_introspection_cpp.so
[6.016s] -- Set non-toolchain portion of runtime path of "/home/flying/Documents/flying_squirrel_ros/install/flying_robot_interfaces/lib/libflying_robot_interfaces__rosidl_typesupport_introspection_cpp.so" to ""
[6.016s] -- Installing: /home/flying/Documents/flying_squirrel_ros/install/flying_robot_interfaces/lib/libflying_robot_interfaces__rosidl_typesupport_cpp.so
[6.016s] -- Set non-toolchain portion of runtime path of "/home/flying/Documents/flying_squirrel_ros/install/flying_robot_interfaces/lib/libflying_robot_interfaces__rosidl_typesupport_cpp.so" to ""
[6.016s] -- Installing: /home/flying/Documents/flying_squirrel_ros/install/flying_robot_interfaces/share/flying_robot_interfaces/environment/pythonpath.sh
[6.016s] -- Installing: /home/flying/Documents/flying_squirrel_ros/install/flying_robot_interfaces/share/flying_robot_interfaces/environment/pythonpath.dsv
[6.016s] -- Installing: /home/flying/Documents/flying_squirrel_ros/install/flying_robot_interfaces/lib/python3.10/site-packages/flying_robot_interfaces-0.0.0-py3.10.egg-info
[6.016s] -- Installing: /home/flying/Documents/flying_squirrel_ros/install/flying_robot_interfaces/lib/python3.10/site-packages/flying_robot_interfaces-0.0.0-py3.10.egg-info/SOURCES.txt
[6.016s] -- Installing: /home/flying/Documents/flying_squirrel_ros/install/flying_robot_interfaces/lib/python3.10/site-packages/flying_robot_interfaces-0.0.0-py3.10.egg-info/top_level.txt
[6.016s] -- Installing: /home/flying/Documents/flying_squirrel_ros/install/flying_robot_interfaces/lib/python3.10/site-packages/flying_robot_interfaces-0.0.0-py3.10.egg-info/PKG-INFO
[6.016s] -- Installing: /home/flying/Documents/flying_squirrel_ros/install/flying_robot_interfaces/lib/python3.10/site-packages/flying_robot_interfaces-0.0.0-py3.10.egg-info/dependency_links.txt
[6.017s] -- Installing: /home/flying/Documents/flying_squirrel_ros/install/flying_robot_interfaces/lib/python3.10/site-packages/flying_robot_interfaces
[6.017s] -- Installing: /home/flying/Documents/flying_squirrel_ros/install/flying_robot_interfaces/lib/python3.10/site-packages/flying_robot_interfaces/flying_robot_interfaces_s__rosidl_typesupport_introspection_c.cpython-310-x86_64-linux-gnu.so
[6.017s] -- Installing: /home/flying/Documents/flying_squirrel_ros/install/flying_robot_interfaces/lib/python3.10/site-packages/flying_robot_interfaces/_flying_robot_interfaces_s.ep.rosidl_typesupport_fastrtps_c.c
[6.017s] -- Installing: /home/flying/Documents/flying_squirrel_ros/install/flying_robot_interfaces/lib/python3.10/site-packages/flying_robot_interfaces/_flying_robot_interfaces_s.ep.rosidl_typesupport_introspection_c.c
[6.017s] -- Installing: /home/flying/Documents/flying_squirrel_ros/install/flying_robot_interfaces/lib/python3.10/site-packages/flying_robot_interfaces/_flying_robot_interfaces_s.ep.rosidl_typesupport_c.c
[6.017s] -- Installing: /home/flying/Documents/flying_squirrel_ros/install/flying_robot_interfaces/lib/python3.10/site-packages/flying_robot_interfaces/libflying_robot_interfaces__rosidl_generator_py.so
[6.017s] -- Installing: /home/flying/Documents/flying_squirrel_ros/install/flying_robot_interfaces/lib/python3.10/site-packages/flying_robot_interfaces/flying_robot_interfaces_s__rosidl_typesupport_fastrtps_c.cpython-310-x86_64-linux-gnu.so
[6.017s] -- Installing: /home/flying/Documents/flying_squirrel_ros/install/flying_robot_interfaces/lib/python3.10/site-packages/flying_robot_interfaces/__init__.py
[6.017s] -- Installing: /home/flying/Documents/flying_squirrel_ros/install/flying_robot_interfaces/lib/python3.10/site-packages/flying_robot_interfaces/msg
[6.017s] -- Installing: /home/flying/Documents/flying_squirrel_ros/install/flying_robot_interfaces/lib/python3.10/site-packages/flying_robot_interfaces/msg/_servo_pwm_state.py
[6.017s] -- Installing: /home/flying/Documents/flying_squirrel_ros/install/flying_robot_interfaces/lib/python3.10/site-packages/flying_robot_interfaces/msg/__init__.py
[6.017s] -- Installing: /home/flying/Documents/flying_squirrel_ros/install/flying_robot_interfaces/lib/python3.10/site-packages/flying_robot_interfaces/msg/_servo_pwm_state_s.c
[6.017s] -- Installing: /home/flying/Documents/flying_squirrel_ros/install/flying_robot_interfaces/lib/python3.10/site-packages/flying_robot_interfaces/flying_robot_interfaces_s__rosidl_typesupport_c.cpython-310-x86_64-linux-gnu.so
[6.054s] Listing '/home/flying/Documents/flying_squirrel_ros/install/flying_robot_interfaces/lib/python3.10/site-packages/flying_robot_interfaces'...
[6.054s] Compiling '/home/flying/Documents/flying_squirrel_ros/install/flying_robot_interfaces/lib/python3.10/site-packages/flying_robot_interfaces/__init__.py'...
[6.054s] Listing '/home/flying/Documents/flying_squirrel_ros/install/flying_robot_interfaces/lib/python3.10/site-packages/flying_robot_interfaces/msg'...
[6.054s] Compiling '/home/flying/Documents/flying_squirrel_ros/install/flying_robot_interfaces/lib/python3.10/site-packages/flying_robot_interfaces/msg/__init__.py'...
[6.054s] Compiling '/home/flying/Documents/flying_squirrel_ros/install/flying_robot_interfaces/lib/python3.10/site-packages/flying_robot_interfaces/msg/_servo_pwm_state.py'...
[6.068s] -- Installing: /home/flying/Documents/flying_squirrel_ros/install/flying_robot_interfaces/lib/python3.10/site-packages/flying_robot_interfaces/flying_robot_interfaces_s__rosidl_typesupport_fastrtps_c.cpython-310-x86_64-linux-gnu.so
[6.068s] -- Set non-toolchain portion of runtime path of "/home/flying/Documents/flying_squirrel_ros/install/flying_robot_interfaces/lib/python3.10/site-packages/flying_robot_interfaces/flying_robot_interfaces_s__rosidl_typesupport_fastrtps_c.cpython-310-x86_64-linux-gnu.so" to ""
[6.068s] -- Installing: /home/flying/Documents/flying_squirrel_ros/install/flying_robot_interfaces/lib/python3.10/site-packages/flying_robot_interfaces/flying_robot_interfaces_s__rosidl_typesupport_introspection_c.cpython-310-x86_64-linux-gnu.so
[6.069s] -- Set non-toolchain portion of runtime path of "/home/flying/Documents/flying_squirrel_ros/install/flying_robot_interfaces/lib/python3.10/site-packages/flying_robot_interfaces/flying_robot_interfaces_s__rosidl_typesupport_introspection_c.cpython-310-x86_64-linux-gnu.so" to ""
[6.069s] -- Installing: /home/flying/Documents/flying_squirrel_ros/install/flying_robot_interfaces/lib/python3.10/site-packages/flying_robot_interfaces/flying_robot_interfaces_s__rosidl_typesupport_c.cpython-310-x86_64-linux-gnu.so
[6.070s] -- Set non-toolchain portion of runtime path of "/home/flying/Documents/flying_squirrel_ros/install/flying_robot_interfaces/lib/python3.10/site-packages/flying_robot_interfaces/flying_robot_interfaces_s__rosidl_typesupport_c.cpython-310-x86_64-linux-gnu.so" to ""
[6.070s] -- Installing: /home/flying/Documents/flying_squirrel_ros/install/flying_robot_interfaces/lib/libflying_robot_interfaces__rosidl_generator_py.so
[6.070s] -- Set non-toolchain portion of runtime path of "/home/flying/Documents/flying_squirrel_ros/install/flying_robot_interfaces/lib/libflying_robot_interfaces__rosidl_generator_py.so" to ""
[6.070s] -- Installing: /home/flying/Documents/flying_squirrel_ros/install/flying_robot_interfaces/share/flying_robot_interfaces/msg/ServoPWMState.idl
[6.071s] -- Installing: /home/flying/Documents/flying_squirrel_ros/install/flying_robot_interfaces/share/flying_robot_interfaces/msg/ServoPWMState.msg
[6.071s] -- Installing: /home/flying/Documents/flying_squirrel_ros/install/flying_robot_interfaces/share/ament_index/resource_index/package_run_dependencies/flying_robot_interfaces
[6.071s] -- Installing: /home/flying/Documents/flying_squirrel_ros/install/flying_robot_interfaces/share/ament_index/resource_index/parent_prefix_path/flying_robot_interfaces
[6.071s] -- Installing: /home/flying/Documents/flying_squirrel_ros/install/flying_robot_interfaces/share/flying_robot_interfaces/environment/ament_prefix_path.sh
[6.071s] -- Installing: /home/flying/Documents/flying_squirrel_ros/install/flying_robot_interfaces/share/flying_robot_interfaces/environment/ament_prefix_path.dsv
[6.071s] -- Installing: /home/flying/Documents/flying_squirrel_ros/install/flying_robot_interfaces/share/flying_robot_interfaces/environment/path.sh
[6.072s] -- Installing: /home/flying/Documents/flying_squirrel_ros/install/flying_robot_interfaces/share/flying_robot_interfaces/environment/path.dsv
[6.072s] -- Installing: /home/flying/Documents/flying_squirrel_ros/install/flying_robot_interfaces/share/flying_robot_interfaces/local_setup.bash
[6.072s] -- Installing: /home/flying/Documents/flying_squirrel_ros/install/flying_robot_interfaces/share/flying_robot_interfaces/local_setup.sh
[6.072s] -- Installing: /home/flying/Documents/flying_squirrel_ros/install/flying_robot_interfaces/share/flying_robot_interfaces/local_setup.zsh
[6.072s] -- Installing: /home/flying/Documents/flying_squirrel_ros/install/flying_robot_interfaces/share/flying_robot_interfaces/local_setup.dsv
[6.072s] -- Installing: /home/flying/Documents/flying_squirrel_ros/install/flying_robot_interfaces/share/flying_robot_interfaces/package.dsv
[6.073s] -- Installing: /home/flying/Documents/flying_squirrel_ros/install/flying_robot_interfaces/share/ament_index/resource_index/packages/flying_robot_interfaces
[6.073s] -- Installing: /home/flying/Documents/flying_squirrel_ros/install/flying_robot_interfaces/share/flying_robot_interfaces/cmake/export_flying_robot_interfaces__rosidl_generator_cExport.cmake
[6.073s] -- Installing: /home/flying/Documents/flying_squirrel_ros/install/flying_robot_interfaces/share/flying_robot_interfaces/cmake/export_flying_robot_interfaces__rosidl_generator_cExport-noconfig.cmake
[6.073s] -- Installing: /home/flying/Documents/flying_squirrel_ros/install/flying_robot_interfaces/share/flying_robot_interfaces/cmake/export_flying_robot_interfaces__rosidl_typesupport_fastrtps_cExport.cmake
[6.073s] -- Installing: /home/flying/Documents/flying_squirrel_ros/install/flying_robot_interfaces/share/flying_robot_interfaces/cmake/export_flying_robot_interfaces__rosidl_typesupport_fastrtps_cExport-noconfig.cmake
[6.073s] -- Installing: /home/flying/Documents/flying_squirrel_ros/install/flying_robot_interfaces/share/flying_robot_interfaces/cmake/export_flying_robot_interfaces__rosidl_generator_cppExport.cmake
[6.074s] -- Installing: /home/flying/Documents/flying_squirrel_ros/install/flying_robot_interfaces/share/flying_robot_interfaces/cmake/export_flying_robot_interfaces__rosidl_typesupport_fastrtps_cppExport.cmake
[6.074s] -- Installing: /home/flying/Documents/flying_squirrel_ros/install/flying_robot_interfaces/share/flying_robot_interfaces/cmake/export_flying_robot_interfaces__rosidl_typesupport_fastrtps_cppExport-noconfig.cmake
[6.074s] -- Installing: /home/flying/Documents/flying_squirrel_ros/install/flying_robot_interfaces/share/flying_robot_interfaces/cmake/flying_robot_interfaces__rosidl_typesupport_introspection_cExport.cmake
[6.074s] -- Installing: /home/flying/Documents/flying_squirrel_ros/install/flying_robot_interfaces/share/flying_robot_interfaces/cmake/flying_robot_interfaces__rosidl_typesupport_introspection_cExport-noconfig.cmake
[6.074s] -- Installing: /home/flying/Documents/flying_squirrel_ros/install/flying_robot_interfaces/share/flying_robot_interfaces/cmake/flying_robot_interfaces__rosidl_typesupport_cExport.cmake
[6.074s] -- Installing: /home/flying/Documents/flying_squirrel_ros/install/flying_robot_interfaces/share/flying_robot_interfaces/cmake/flying_robot_interfaces__rosidl_typesupport_cExport-noconfig.cmake
[6.074s] -- Installing: /home/flying/Documents/flying_squirrel_ros/install/flying_robot_interfaces/share/flying_robot_interfaces/cmake/flying_robot_interfaces__rosidl_typesupport_introspection_cppExport.cmake
[6.074s] -- Installing: /home/flying/Documents/flying_squirrel_ros/install/flying_robot_interfaces/share/flying_robot_interfaces/cmake/flying_robot_interfaces__rosidl_typesupport_introspection_cppExport-noconfig.cmake
[6.074s] -- Installing: /home/flying/Documents/flying_squirrel_ros/install/flying_robot_interfaces/share/flying_robot_interfaces/cmake/flying_robot_interfaces__rosidl_typesupport_cppExport.cmake
[6.074s] -- Installing: /home/flying/Documents/flying_squirrel_ros/install/flying_robot_interfaces/share/flying_robot_interfaces/cmake/flying_robot_interfaces__rosidl_typesupport_cppExport-noconfig.cmake
[6.075s] -- Installing: /home/flying/Documents/flying_squirrel_ros/install/flying_robot_interfaces/share/flying_robot_interfaces/cmake/export_flying_robot_interfaces__rosidl_generator_pyExport.cmake
[6.075s] -- Installing: /home/flying/Documents/flying_squirrel_ros/install/flying_robot_interfaces/share/flying_robot_interfaces/cmake/export_flying_robot_interfaces__rosidl_generator_pyExport-noconfig.cmake
[6.075s] -- Installing: /home/flying/Documents/flying_squirrel_ros/install/flying_robot_interfaces/share/flying_robot_interfaces/cmake/rosidl_cmake-extras.cmake
[6.078s] -- Installing: /home/flying/Documents/flying_squirrel_ros/install/flying_robot_interfaces/share/flying_robot_interfaces/cmake/ament_cmake_export_dependencies-extras.cmake
[6.078s] -- Installing: /home/flying/Documents/flying_squirrel_ros/install/flying_robot_interfaces/share/flying_robot_interfaces/cmake/ament_cmake_export_include_directories-extras.cmake
[6.078s] -- Installing: /home/flying/Documents/flying_squirrel_ros/install/flying_robot_interfaces/share/flying_robot_interfaces/cmake/ament_cmake_export_libraries-extras.cmake
[6.078s] -- Installing: /home/flying/Documents/flying_squirrel_ros/install/flying_robot_interfaces/share/flying_robot_interfaces/cmake/ament_cmake_export_targets-extras.cmake
[6.078s] -- Installing: /home/flying/Documents/flying_squirrel_ros/install/flying_robot_interfaces/share/flying_robot_interfaces/cmake/rosidl_cmake_export_typesupport_targets-extras.cmake
[6.079s] -- Installing: /home/flying/Documents/flying_squirrel_ros/install/flying_robot_interfaces/share/flying_robot_interfaces/cmake/rosidl_cmake_export_typesupport_libraries-extras.cmake
[6.079s] -- Installing: /home/flying/Documents/flying_squirrel_ros/install/flying_robot_interfaces/share/flying_robot_interfaces/cmake/flying_robot_interfacesConfig.cmake
[6.079s] -- Installing: /home/flying/Documents/flying_squirrel_ros/install/flying_robot_interfaces/share/flying_robot_interfaces/cmake/flying_robot_interfacesConfig-version.cmake
[6.079s] -- Installing: /home/flying/Documents/flying_squirrel_ros/install/flying_robot_interfaces/share/flying_robot_interfaces/package.xml
[6.079s] Invoked command in '/home/flying/Documents/flying_squirrel_ros/build/flying_robot_interfaces' returned '0': CMAKE_PREFIX_PATH=/opt/ros/humble CONDA_PROMPT_MODIFIER=(ros2) /usr/bin/cmake --install /home/flying/Documents/flying_squirrel_ros/build/flying_robot_interfaces
